#-----------------------------------------------------------
# xsim v2020.2.2 (64-bit)
# SW Build 3118627 on Tue Feb  9 05:13:49 MST 2021
# IP Build 3115676 on Tue Feb  9 10:48:11 MST 2021
# Start of session at: Fri Nov 24 14:39:18 2023
# Process ID: 13119
# Current directory: /local-scratch/localhome/aimpert/gaussian-acceleration/gauss/.run/12995/hw_em/device0/binary_0/behav_waveform/xsim
# Command line: xsim -log simulate.log -mode tcl -source {xsim.dir/emu_wrapper_behav/xsim_script.tcl}
# Log file: /local-scratch/localhome/aimpert/gaussian-acceleration/gauss/.run/12995/hw_em/device0/binary_0/behav_waveform/xsim/simulate.log
# Journal file: /local-scratch/localhome/aimpert/gaussian-acceleration/gauss/.run/12995/hw_em/device0/binary_0/behav_waveform/xsim/xsim.jou
#-----------------------------------------------------------
source xsim.dir/emu_wrapper_behav/xsim_script.tcl
# xsim {emu_wrapper_behav} -wdb {xilinx_u50_gen3x16_xdma_201920_3-0-gauss.link.wdb} -autoloadwcfg -tclbatch {emu_wrapper.tcl} -key {Behavioral:sim_1:Functional:emu_wrapper} -protoinst {protoinst_files/bd_3a93.protoinst} -protoinst {protoinst_files/bd_9678.protoinst} -protoinst {protoinst_files/emu.protoinst} -protoinst {./dr_behav.protoinst}
Vivado Simulator v2020.2.2

Warning: (W505) object already exists: .emu_wrapper.emu_i.System_DPA.dpa_hub.inst.s_aximm_wr_util. Latter declaration will be renamed to .emu_wrapper.emu_i.System_DPA.dpa_hub.inst.s_aximm_wr_util_0
In file: sc_object_manager.cpp:161

Warning: (W505) object already exists: .emu_wrapper.emu_i.System_DPA.dpa_mon0.inst.rd_mon.rd_skt. Latter declaration will be renamed to .emu_wrapper.emu_i.System_DPA.dpa_mon0.inst.rd_mon.rd_skt_0
In file: sc_object_manager.cpp:161
CRITICAL_WARNING::[ XTLM::751 ] Deprecated.! Please instantiate Memory Manager with this pointer (sc_module pointer).

Warning: (W505) object already exists: .emu_wrapper.emu_i.System_DPA.dpa_mon0.inst.wr_mon.wr_skt. Latter declaration will be renamed to .emu_wrapper.emu_i.System_DPA.dpa_mon0.inst.wr_mon.wr_skt_0
In file: sc_object_manager.cpp:161
CRITICAL_WARNING::[ XTLM::751 ] Deprecated.! Please instantiate Memory Manager with this pointer (sc_module pointer).

Warning: (W505) object already exists: .emu_wrapper.emu_i.System_DPA.dpa_mon0.inst.mon_saxi_rd_socket. Latter declaration will be renamed to .emu_wrapper.emu_i.System_DPA.dpa_mon0.inst.mon_saxi_rd_socket_0
In file: sc_object_manager.cpp:161

Warning: (W505) object already exists: .emu_wrapper.emu_i.System_DPA.dpa_mon0.inst.mon_saxi_wr_socket. Latter declaration will be renamed to .emu_wrapper.emu_i.System_DPA.dpa_mon0.inst.mon_saxi_wr_socket_0
In file: sc_object_manager.cpp:161

Info: (I804) /IEEE_Std_1666/deprecated: sc_sensitive_neg is deprecated use sc_sensitive << with neg() instead

Warning: (W505) object already exists: .emu_wrapper.emu_i.hmss_0.inst.rd_socket. Latter declaration will be renamed to .emu_wrapper.emu_i.hmss_0.inst.rd_socket_0
In file: sc_object_manager.cpp:161

Warning: (W505) object already exists: .emu_wrapper.emu_i.hmss_0.inst.wr_socket. Latter declaration will be renamed to .emu_wrapper.emu_i.hmss_0.inst.wr_socket_0
In file: sc_object_manager.cpp:161

Warning: (W505) object already exists: .emu_wrapper.emu_i.hmss_0.inst.rd_socket. Latter declaration will be renamed to .emu_wrapper.emu_i.hmss_0.inst.rd_socket_1
In file: sc_object_manager.cpp:161

Warning: (W505) object already exists: .emu_wrapper.emu_i.hmss_0.inst.wr_socket. Latter declaration will be renamed to .emu_wrapper.emu_i.hmss_0.inst.wr_socket_1
In file: sc_object_manager.cpp:161
CRITICAL_WARNING::[ XTLM::751 ] Deprecated.! Please instantiate Memory Manager with this pointer (sc_module pointer).
CRITICAL_WARNING::[ XTLM::751 ] Deprecated.! Please instantiate Memory Manager with this pointer (sc_module pointer).
CRITICAL_WARNING::[ XTLM::751 ] Deprecated.! Please instantiate Memory Manager with this pointer (sc_module pointer).

Info: (I804) /IEEE_Std_1666/deprecated: sc_sensitive_pos is deprecated use sc_sensitive << with pos() instead
INFO: [Wavedata 42-565] Reading protoinst file protoinst_files/bd_3a93.protoinst
WARNING: [Wavedata 42-558] Couldn't load one or more protocol instances from protoinst file protoinst_files/bd_3a93.protoinst for the following reason(s):
There are no instances of module "bd_3a93" in the design.

INFO: [Wavedata 42-565] Reading protoinst file protoinst_files/bd_9678.protoinst
WARNING: [Wavedata 42-558] Couldn't load one or more protocol instances from protoinst file protoinst_files/bd_9678.protoinst for the following reason(s):
There are no instances of module "bd_9678" in the design.

INFO: [Wavedata 42-565] Reading protoinst file protoinst_files/emu.protoinst
INFO: [Wavedata 42-564]   Found protocol instance at /emu_wrapper/emu_i//System_DPA/S00_AXI
INFO: [Wavedata 42-564]   Found protocol instance at /emu_wrapper/emu_i//System_DPA/S_AXIMM
INFO: [Wavedata 42-564]   Found protocol instance at /emu_wrapper/emu_i//System_DPA/dpa_ctrl_interconnect/M00_AXI
INFO: [Wavedata 42-564]   Found protocol instance at /emu_wrapper/emu_i//System_DPA/dpa_ctrl_interconnect/M01_AXI
INFO: [Wavedata 42-564]   Found protocol instance at /emu_wrapper/emu_i//System_DPA/dpa_ctrl_interconnect/S00_AXI
INFO: [Wavedata 42-564]   Found protocol instance at /emu_wrapper/emu_i//System_DPA/dpa_ctrl_interconnect/m00_couplers/M_AXI
INFO: [Wavedata 42-564]   Found protocol instance at /emu_wrapper/emu_i//System_DPA/dpa_ctrl_interconnect/m00_couplers/S_AXI
INFO: [Wavedata 42-564]   Found protocol instance at /emu_wrapper/emu_i//System_DPA/dpa_ctrl_interconnect/m00_couplers/auto_cc/M_AXI
INFO: [Wavedata 42-564]   Found protocol instance at /emu_wrapper/emu_i//System_DPA/dpa_ctrl_interconnect/m00_couplers/auto_cc/S_AXI
INFO: [Wavedata 42-564]   Found protocol instance at /emu_wrapper/emu_i//System_DPA/dpa_ctrl_interconnect/m00_couplers/m00_regslice/M_AXI
INFO: [Wavedata 42-564]   Found protocol instance at /emu_wrapper/emu_i//System_DPA/dpa_ctrl_interconnect/m00_couplers/m00_regslice/S_AXI
INFO: [Wavedata 42-564]   Found protocol instance at /emu_wrapper/emu_i//System_DPA/dpa_ctrl_interconnect/m01_couplers/M_AXI
INFO: [Wavedata 42-564]   Found protocol instance at /emu_wrapper/emu_i//System_DPA/dpa_ctrl_interconnect/m01_couplers/S_AXI
INFO: [Wavedata 42-564]   Found protocol instance at /emu_wrapper/emu_i//System_DPA/dpa_ctrl_interconnect/m01_couplers/auto_cc/M_AXI
INFO: [Wavedata 42-564]   Found protocol instance at /emu_wrapper/emu_i//System_DPA/dpa_ctrl_interconnect/m01_couplers/auto_cc/S_AXI
INFO: [Wavedata 42-564]   Found protocol instance at /emu_wrapper/emu_i//System_DPA/dpa_ctrl_interconnect/m01_couplers/m01_regslice/M_AXI
INFO: [Wavedata 42-564]   Found protocol instance at /emu_wrapper/emu_i//System_DPA/dpa_ctrl_interconnect/m01_couplers/m01_regslice/S_AXI
INFO: [Wavedata 42-564]   Found protocol instance at /emu_wrapper/emu_i//System_DPA/dpa_ctrl_interconnect/s00_couplers/M_AXI
INFO: [Wavedata 42-564]   Found protocol instance at /emu_wrapper/emu_i//System_DPA/dpa_ctrl_interconnect/s00_couplers/S_AXI
INFO: [Wavedata 42-564]   Found protocol instance at /emu_wrapper/emu_i//System_DPA/dpa_ctrl_interconnect/s00_couplers/auto_pc/M_AXI
INFO: [Wavedata 42-564]   Found protocol instance at /emu_wrapper/emu_i//System_DPA/dpa_ctrl_interconnect/s00_couplers/auto_pc/S_AXI
INFO: [Wavedata 42-564]   Found protocol instance at /emu_wrapper/emu_i//System_DPA/dpa_ctrl_interconnect/s00_couplers/s00_regslice/M_AXI
INFO: [Wavedata 42-564]   Found protocol instance at /emu_wrapper/emu_i//System_DPA/dpa_ctrl_interconnect/s00_couplers/s00_regslice/S_AXI
INFO: [Wavedata 42-564]   Found protocol instance at /emu_wrapper/emu_i//System_DPA/dpa_ctrl_interconnect/xbar/M00_AXI
INFO: [Wavedata 42-564]   Found protocol instance at /emu_wrapper/emu_i//System_DPA/dpa_ctrl_interconnect/xbar/M01_AXI
INFO: [Wavedata 42-564]   Found protocol instance at /emu_wrapper/emu_i//System_DPA/dpa_ctrl_interconnect/xbar/S00_AXI
INFO: [Wavedata 42-564]   Found protocol instance at /emu_wrapper/emu_i//System_DPA/dpa_hub/S_AXIFIFO
INFO: [Wavedata 42-564]   Found protocol instance at /emu_wrapper/emu_i//System_DPA/dpa_hub/S_AXIHUB
INFO: [Wavedata 42-564]   Found protocol instance at /emu_wrapper/emu_i//System_DPA/dpa_hub/S_AXIMM
INFO: [Wavedata 42-564]   Found protocol instance at /emu_wrapper/emu_i//System_DPA/dpa_hub/TRACE_IN_0
INFO: [Wavedata 42-564]   Found protocol instance at /emu_wrapper/emu_i//System_DPA/dpa_hub/TRACE_IN_1
INFO: [Wavedata 42-564]   Found protocol instance at /emu_wrapper/emu_i//System_DPA/dpa_mon0/TRACE_OUT_0
INFO: [Wavedata 42-564]   Found protocol instance at /emu_wrapper/emu_i//System_DPA/dpa_mon0/TRACE_OUT_1
INFO: [Wavedata 42-564]   Found protocol instance at /emu_wrapper/emu_i//axi_gpio_null_slr1/S_AXI
INFO: [Wavedata 42-564]   Found protocol instance at /emu_wrapper/emu_i//gauss_1/m_axi_gmem
INFO: [Wavedata 42-564]   Found protocol instance at /emu_wrapper/emu_i//gauss_1/s_axi_control
INFO: [Wavedata 42-564]   Found protocol instance at /emu_wrapper/emu_i//hmss_0/S00_AXI
INFO: [Wavedata 42-564]   Found protocol instance at /emu_wrapper/emu_i//hmss_0/S01_AXI
INFO: [Wavedata 42-564]   Found protocol instance at /emu_wrapper/emu_i//interconnect_axilite_user_slr0/M00_AXI
INFO: [Wavedata 42-564]   Found protocol instance at /emu_wrapper/emu_i//interconnect_axilite_user_slr0/M01_AXI
INFO: [Wavedata 42-564]   Found protocol instance at /emu_wrapper/emu_i//interconnect_axilite_user_slr0/S00_AXI
INFO: [Wavedata 42-564]   Found protocol instance at /emu_wrapper/emu_i//interconnect_axilite_user_slr0/m00_couplers/M_AXI
INFO: [Wavedata 42-564]   Found protocol instance at /emu_wrapper/emu_i//interconnect_axilite_user_slr0/m00_couplers/S_AXI
INFO: [Wavedata 42-564]   Found protocol instance at /emu_wrapper/emu_i//interconnect_axilite_user_slr0/m01_couplers/M_AXI
INFO: [Wavedata 42-564]   Found protocol instance at /emu_wrapper/emu_i//interconnect_axilite_user_slr0/m01_couplers/S_AXI
INFO: [Wavedata 42-564]   Found protocol instance at /emu_wrapper/emu_i//interconnect_axilite_user_slr0/m01_couplers/auto_cc/M_AXI
INFO: [Wavedata 42-564]   Found protocol instance at /emu_wrapper/emu_i//interconnect_axilite_user_slr0/m01_couplers/auto_cc/S_AXI
INFO: [Wavedata 42-564]   Found protocol instance at /emu_wrapper/emu_i//interconnect_axilite_user_slr0/m01_couplers/auto_pc/M_AXI
INFO: [Wavedata 42-564]   Found protocol instance at /emu_wrapper/emu_i//interconnect_axilite_user_slr0/m01_couplers/auto_pc/S_AXI
INFO: [Wavedata 42-564]   Found protocol instance at /emu_wrapper/emu_i//interconnect_axilite_user_slr0/m01_couplers/m01_regslice/M_AXI
INFO: [Wavedata 42-564]   Found protocol instance at /emu_wrapper/emu_i//interconnect_axilite_user_slr0/m01_couplers/m01_regslice/S_AXI
INFO: [Wavedata 42-564]   Found protocol instance at /emu_wrapper/emu_i//interconnect_axilite_user_slr0/s00_couplers/M_AXI
INFO: [Wavedata 42-564]   Found protocol instance at /emu_wrapper/emu_i//interconnect_axilite_user_slr0/s00_couplers/S_AXI
INFO: [Wavedata 42-564]   Found protocol instance at /emu_wrapper/emu_i//interconnect_axilite_user_slr0/xbar/M00_AXI
INFO: [Wavedata 42-564]   Found protocol instance at /emu_wrapper/emu_i//interconnect_axilite_user_slr0/xbar/M01_AXI
INFO: [Wavedata 42-564]   Found protocol instance at /emu_wrapper/emu_i//interconnect_axilite_user_slr0/xbar/S00_AXI
INFO: [Wavedata 42-564]   Found protocol instance at /emu_wrapper/emu_i//interconnect_axilite_user_slr1/M00_AXI
INFO: [Wavedata 42-564]   Found protocol instance at /emu_wrapper/emu_i//interconnect_axilite_user_slr1/M01_AXI
INFO: [Wavedata 42-564]   Found protocol instance at /emu_wrapper/emu_i//interconnect_axilite_user_slr1/S00_AXI
INFO: [Wavedata 42-564]   Found protocol instance at /emu_wrapper/emu_i//interconnect_axilite_user_slr1/m00_couplers/M_AXI
INFO: [Wavedata 42-564]   Found protocol instance at /emu_wrapper/emu_i//interconnect_axilite_user_slr1/m00_couplers/S_AXI
INFO: [Wavedata 42-564]   Found protocol instance at /emu_wrapper/emu_i//interconnect_axilite_user_slr1/m00_couplers/auto_pc/M_AXI
INFO: [Wavedata 42-564]   Found protocol instance at /emu_wrapper/emu_i//interconnect_axilite_user_slr1/m00_couplers/auto_pc/S_AXI
INFO: [Wavedata 42-564]   Found protocol instance at /emu_wrapper/emu_i//interconnect_axilite_user_slr1/m01_couplers/M_AXI
INFO: [Wavedata 42-564]   Found protocol instance at /emu_wrapper/emu_i//interconnect_axilite_user_slr1/m01_couplers/S_AXI
INFO: [Wavedata 42-564]   Found protocol instance at /emu_wrapper/emu_i//interconnect_axilite_user_slr1/m01_couplers/m01_regslice/M_AXI
INFO: [Wavedata 42-564]   Found protocol instance at /emu_wrapper/emu_i//interconnect_axilite_user_slr1/m01_couplers/m01_regslice/S_AXI
INFO: [Wavedata 42-564]   Found protocol instance at /emu_wrapper/emu_i//interconnect_axilite_user_slr1/s00_couplers/M_AXI
INFO: [Wavedata 42-564]   Found protocol instance at /emu_wrapper/emu_i//interconnect_axilite_user_slr1/s00_couplers/S_AXI
INFO: [Wavedata 42-564]   Found protocol instance at /emu_wrapper/emu_i//interconnect_axilite_user_slr1/xbar/M00_AXI
INFO: [Wavedata 42-564]   Found protocol instance at /emu_wrapper/emu_i//interconnect_axilite_user_slr1/xbar/M01_AXI
INFO: [Wavedata 42-564]   Found protocol instance at /emu_wrapper/emu_i//interconnect_axilite_user_slr1/xbar/S00_AXI
INFO: [Wavedata 42-564]   Found protocol instance at /emu_wrapper/emu_i//memory_subsystem/S00_AXI
INFO: [Wavedata 42-564]   Found protocol instance at /emu_wrapper/emu_i//static_region/connect_to_es/M00_AXI
INFO: [Wavedata 42-564]   Found protocol instance at /emu_wrapper/emu_i//static_region/connect_to_es/M01_AXI
INFO: [Wavedata 42-564]   Found protocol instance at /emu_wrapper/emu_i//static_region/connect_to_es/M02_AXI
INFO: [Wavedata 42-564]   Found protocol instance at /emu_wrapper/emu_i//static_region/connect_to_es/S00_AXI
INFO: [Wavedata 42-564]   Found protocol instance at /emu_wrapper/emu_i//static_region/connect_to_es/S01_AXI
INFO: [Wavedata 42-564]   Found protocol instance at /emu_wrapper/emu_i//static_region/connect_to_es/m00_couplers/M_AXI
INFO: [Wavedata 42-564]   Found protocol instance at /emu_wrapper/emu_i//static_region/connect_to_es/m00_couplers/S_AXI
INFO: [Wavedata 42-564]   Found protocol instance at /emu_wrapper/emu_i//static_region/connect_to_es/m01_couplers/M_AXI
INFO: [Wavedata 42-564]   Found protocol instance at /emu_wrapper/emu_i//static_region/connect_to_es/m01_couplers/S_AXI
INFO: [Wavedata 42-564]   Found protocol instance at /emu_wrapper/emu_i//static_region/connect_to_es/m02_couplers/M_AXI
INFO: [Wavedata 42-564]   Found protocol instance at /emu_wrapper/emu_i//static_region/connect_to_es/m02_couplers/S_AXI
INFO: [Wavedata 42-564]   Found protocol instance at /emu_wrapper/emu_i//static_region/connect_to_es/s00_couplers/M_AXI
INFO: [Wavedata 42-564]   Found protocol instance at /emu_wrapper/emu_i//static_region/connect_to_es/s00_couplers/S_AXI
INFO: [Wavedata 42-564]   Found protocol instance at /emu_wrapper/emu_i//static_region/connect_to_es/s00_couplers/auto_pc/M_AXI
INFO: [Wavedata 42-564]   Found protocol instance at /emu_wrapper/emu_i//static_region/connect_to_es/s00_couplers/auto_pc/S_AXI
INFO: [Wavedata 42-564]   Found protocol instance at /emu_wrapper/emu_i//static_region/connect_to_es/s01_couplers/M_AXI
INFO: [Wavedata 42-564]   Found protocol instance at /emu_wrapper/emu_i//static_region/connect_to_es/s01_couplers/S_AXI
INFO: [Wavedata 42-564]   Found protocol instance at /emu_wrapper/emu_i//static_region/connect_to_es/s01_couplers/auto_pc/M_AXI
INFO: [Wavedata 42-564]   Found protocol instance at /emu_wrapper/emu_i//static_region/connect_to_es/s01_couplers/auto_pc/S_AXI
INFO: [Wavedata 42-564]   Found protocol instance at /emu_wrapper/emu_i//static_region/connect_to_es/xbar/M00_AXI
INFO: [Wavedata 42-564]   Found protocol instance at /emu_wrapper/emu_i//static_region/connect_to_es/xbar/M01_AXI
INFO: [Wavedata 42-564]   Found protocol instance at /emu_wrapper/emu_i//static_region/connect_to_es/xbar/M02_AXI
INFO: [Wavedata 42-564]   Found protocol instance at /emu_wrapper/emu_i//static_region/connect_to_es/xbar/S00_AXI
INFO: [Wavedata 42-564]   Found protocol instance at /emu_wrapper/emu_i//static_region/connect_to_es/xbar/S01_AXI
INFO: [Wavedata 42-564]   Found protocol instance at /emu_wrapper/emu_i//static_region/connect_to_es_cu/M00_AXI
INFO: [Wavedata 42-564]   Found protocol instance at /emu_wrapper/emu_i//static_region/connect_to_es_cu/M01_AXI
INFO: [Wavedata 42-564]   Found protocol instance at /emu_wrapper/emu_i//static_region/connect_to_es_cu/S00_AXI
INFO: [Common 17-14] Message 'Wavedata 42-564' appears 100 times and further instances of the messages will be disabled. Use the Tcl command set_msg_config to change the current settings.
INFO: [Wavedata 42-565] Reading protoinst file ./dr_behav.protoinst
Time resolution is 1 ps
source emu_wrapper.tcl
## if { [info exists ::env(USER_PRE_SIM_SCRIPT) ] } {
##   if {[catch {source $::env(USER_PRE_SIM_SCRIPT)} msg]} {puts $msg}
## }
## if { [info exists ::env(VITIS_WAVEFORM) ] } {
##   if {[file exists $::env(VITIS_WAVEFORM)] == 1} {
##     open_wave_config $::env(VITIS_WAVEFORM)
##   }
## }
## if { [file exists preprocess_profile.tcl] } {
##   if {[catch {source -notrace preprocess_profile.tcl} msg]} {puts $msg}
## }
## puts "We are running Simulator for infinite time. Added some default signals in the waveform. You can pause simulation and add signals and then resume the simulaion again."
We are running Simulator for infinite time. Added some default signals in the waveform. You can pause simulation and add signals and then resume the simulaion again.
## puts ""

## puts "Stopping at breakpoint in simulator also stops the host code execution"
Stopping at breakpoint in simulator also stops the host code execution
## puts ""

## if { [info exists ::env(VITIS_LAUNCH_WAVEFORM_GUI) ] } {
##   run 1ns
## } else {
##   run all
## }
Command failed: Simulator command interrupted.

Simulation engine not responding
The simulator has terminated in an unexpected manner.  Please review the simulation log (xsim.log) for details.
## if { [file exists profile.tcl] } {
##   if {[catch {source -notrace profile.tcl } msg]} {puts $msg}
## }
ERROR: unknown error occurred
## if { [info exists ::env(VITIS_LAUNCH_WAVEFORM_BATCH) ] } {
##   if { [info exists ::env(USER_POST_SIM_SCRIPT) ] } {
##     if {[catch {source $::env(USER_POST_SIM_SCRIPT)} msg]} {puts $msg}
##   }
##   quit
## }
INFO: [Common 17-206] Exiting xsim at Fri Nov 24 14:39:24 2023...
