Vivado Simulator v2020.2.2
Copyright 1986-1999, 2001-2021 Xilinx, Inc. All Rights Reserved.
Running: /cvmfs/rcg.sfu.ca/sw/env/neutral/x86_64/TOOLS/XILINX/V2020.2/Vivado/2020.2/bin/unwrapped/lnx64.o/xelab -wto 77f39c43e0d543398e3c716c182b3ba7 --incr --debug typical --relax --mt 8 -sv_root /cvmfs/rcg.sfu.ca/sw/env/neutral/x86_64/TOOLS/XILINX/V2020.2/Vivado/2020.2/data/simmodels/xsim/2020.2/lnx64/6.2.0/ext/protobuf -sc_lib libprotobuf.so --include /cvmfs/rcg.sfu.ca/sw/env/neutral/x86_64/TOOLS/XILINX/V2020.2/Vivado/2020.2/data/simmodels/xsim/2020.2/lnx64/6.2.0/ext/protobuf/include -sv_root /cvmfs/rcg.sfu.ca/sw/env/neutral/x86_64/TOOLS/XILINX/V2020.2/Vivado/2020.2/data/xsim/ip/xtlm -sc_lib libxtlm.so --include /cvmfs/rcg.sfu.ca/sw/env/neutral/x86_64/TOOLS/XILINX/V2020.2/Vivado/2020.2/data/xsim/ip/xtlm/include -sv_root /cvmfs/rcg.sfu.ca/sw/env/neutral/x86_64/TOOLS/XILINX/V2020.2/Vivado/2020.2/data/xsim/ip/xtlm_simple_interconnect_v1_0 -sc_lib libxtlm_simple_interconnect_v1_0.so --include /cvmfs/rcg.sfu.ca/sw/env/neutral/x86_64/TOOLS/XILINX/V2020.2/Vivado/2020.2/data/xsim/ip/xtlm_simple_interconnect_v1_0/include -sv_root /cvmfs/rcg.sfu.ca/sw/env/neutral/x86_64/TOOLS/XILINX/V2020.2/Vivado/2020.2/data/xsim/ip/common_cpp_v1_0 -sc_lib libcommon_cpp_v1_0.so --include /cvmfs/rcg.sfu.ca/sw/env/neutral/x86_64/TOOLS/XILINX/V2020.2/Vivado/2020.2/data/xsim/ip/common_cpp_v1_0/include -sv_root /cvmfs/rcg.sfu.ca/sw/env/neutral/x86_64/TOOLS/XILINX/V2020.2/Vivado/2020.2/data/xsim/ip/emu_perf_common_v1_0 -sc_lib libemu_perf_common_v1_0.so --include /cvmfs/rcg.sfu.ca/sw/env/neutral/x86_64/TOOLS/XILINX/V2020.2/Vivado/2020.2/data/xsim/ip/emu_perf_common_v1_0/include --include ../../../../prj.ip_user_files/bd/emu/ip/emu_sim_embedded_scheduler_sw_0_0/src --include ../../../../prj.ip_user_files/bd/emu/ip/emu_sim_embedded_scheduler_sw_0_0/sim --include ../../../../prj.ip_user_files/bd/emu/ip/emu_sim_xdma_0_0/src/common --include ../../../../prj.ip_user_files/bd/emu/ip/emu_sim_xdma_0_0/src/cpp_src --include ../../../../prj.ip_user_files/bd/emu/ip/emu_sim_xdma_0_0/src/sysc_src --include ../../../../prj.ip_user_files/bd/emu/ip/emu_sim_xdma_0_0/sim --include ../../../../prj.ip_user_files/bd/emu/ip/emu_xtlm_simple_intercon_0_0/src --include ../../../../prj.ip_user_files/bd/emu/ip/emu_xtlm_simple_intercon_0_0/sim --include ../../../../prj.ip_user_files/bd/emu/ip/emu_memory_subsystem_0/bd_0/ip/ip_0/src --include ../../../../prj.ip_user_files/bd/emu/ip/emu_memory_subsystem_0/bd_0/ip/ip_0/sim --include ../../../../prj.ip_user_files/bd/emu/ip/emu_memory_subsystem_0/bd_0/ip/ip_1/src --include ../../../../prj.ip_user_files/bd/emu/ip/emu_memory_subsystem_0/bd_0/ip/ip_1/sim --include ../../../../prj.ip_user_files/bd/emu/ip/emu_memory_subsystem_0/bd_0/ip/ip_2/src --include ../../../../prj.ip_user_files/bd/emu/ip/emu_memory_subsystem_0/bd_0/ip/ip_2/sim --include ../../../../prj.ip_user_files/bd/emu/ip/emu_memory_subsystem_0/bd_0/ip/ip_3/src --include ../../../../prj.ip_user_files/bd/emu/ip/emu_memory_subsystem_0/bd_0/ip/ip_3/sim --include ../../../../prj.ip_user_files/bd/emu/ip/emu_memory_subsystem_0/bd_0/ip/ip_4/src --include ../../../../prj.ip_user_files/bd/emu/ip/emu_memory_subsystem_0/bd_0/ip/ip_4/sim --include ../../../../prj.ip_user_files/bd/emu/ip/emu_memory_subsystem_0/bd_0/sim --include ../../../../prj.ip_user_files/bd/emu/ip/emu_memory_subsystem_0/sim --include ../../../../prj.ip_user_files/bd/emu/ip/emu_hmss_0_0/bd_0/ip/ip_0/src --include ../../../../prj.ip_user_files/bd/emu/ip/emu_hmss_0_0/bd_0/ip/ip_0/sim --include ../../../../prj.ip_user_files/bd/emu/ip/emu_hmss_0_0/bd_0/ip/ip_1/src --include ../../../../prj.ip_user_files/bd/emu/ip/emu_hmss_0_0/bd_0/ip/ip_1/sim --include ../../../../prj.ip_user_files/bd/emu/ip/emu_hmss_0_0/bd_0/ip/ip_2/src --include ../../../../prj.ip_user_files/bd/emu/ip/emu_hmss_0_0/bd_0/ip/ip_2/sim --include ../../../../prj.ip_user_files/bd/emu/ip/emu_hmss_0_0/bd_0/ip/ip_3/src --include ../../../../prj.ip_user_files/bd/emu/ip/emu_hmss_0_0/bd_0/ip/ip_3/sim --include ../../../../prj.ip_user_files/bd/emu/ip/emu_hmss_0_0/bd_0/ip/ip_4/src --include ../../../../prj.ip_user_files/bd/emu/ip/emu_hmss_0_0/bd_0/ip/ip_4/sim --include ../../../../prj.ip_user_files/bd/emu/ip/emu_hmss_0_0/bd_0/ip/ip_5/src --include ../../../../prj.ip_user_files/bd/emu/ip/emu_hmss_0_0/bd_0/ip/ip_5/sim --include ../../../../prj.ip_user_files/bd/emu/ip/emu_hmss_0_0/bd_0/ip/ip_6/src --include ../../../../prj.ip_user_files/bd/emu/ip/emu_hmss_0_0/bd_0/ip/ip_6/sim --include ../../../../prj.ip_user_files/bd/emu/ip/emu_hmss_0_0/bd_0/ip/ip_7/src --include ../../../../prj.ip_user_files/bd/emu/ip/emu_hmss_0_0/bd_0/ip/ip_7/sim --include ../../../../prj.ip_user_files/bd/emu/ip/emu_hmss_0_0/bd_0/ip/ip_8/src --include ../../../../prj.ip_user_files/bd/emu/ip/emu_hmss_0_0/bd_0/ip/ip_8/sim --include ../../../../prj.ip_user_files/bd/emu/ip/emu_hmss_0_0/bd_0/ip/ip_9/src --include ../../../../prj.ip_user_files/bd/emu/ip/emu_hmss_0_0/bd_0/ip/ip_9/sim --include ../../../../prj.ip_user_files/bd/emu/ip/emu_hmss_0_0/bd_0/ip/ip_10/src --include ../../../../prj.ip_user_files/bd/emu/ip/emu_hmss_0_0/bd_0/ip/ip_10/sim --include ../../../../prj.ip_user_files/bd/emu/ip/emu_hmss_0_0/bd_0/ip/ip_11/src --include ../../../../prj.ip_user_files/bd/emu/ip/emu_hmss_0_0/bd_0/ip/ip_11/sim --include ../../../../prj.ip_user_files/bd/emu/ip/emu_hmss_0_0/bd_0/ip/ip_12/src --include ../../../../prj.ip_user_files/bd/emu/ip/emu_hmss_0_0/bd_0/ip/ip_12/sim --include ../../../../prj.ip_user_files/bd/emu/ip/emu_hmss_0_0/bd_0/ip/ip_13/src --include ../../../../prj.ip_user_files/bd/emu/ip/emu_hmss_0_0/bd_0/ip/ip_13/sim --include ../../../../prj.ip_user_files/bd/emu/ip/emu_hmss_0_0/bd_0/ip/ip_14/src --include ../../../../prj.ip_user_files/bd/emu/ip/emu_hmss_0_0/bd_0/ip/ip_14/sim --include ../../../../prj.ip_user_files/bd/emu/ip/emu_hmss_0_0/bd_0/ip/ip_15/src --include ../../../../prj.ip_user_files/bd/emu/ip/emu_hmss_0_0/bd_0/ip/ip_15/sim --include ../../../../prj.ip_user_files/bd/emu/ip/emu_hmss_0_0/bd_0/ip/ip_16/src --include ../../../../prj.ip_user_files/bd/emu/ip/emu_hmss_0_0/bd_0/ip/ip_16/sim --include ../../../../prj.ip_user_files/bd/emu/ip/emu_hmss_0_0/bd_0/ip/ip_17/src --include ../../../../prj.ip_user_files/bd/emu/ip/emu_hmss_0_0/bd_0/ip/ip_17/sim --include ../../../../prj.ip_user_files/bd/emu/ip/emu_hmss_0_0/bd_0/ip/ip_18/src --include ../../../../prj.ip_user_files/bd/emu/ip/emu_hmss_0_0/bd_0/ip/ip_18/sim --include ../../../../prj.ip_user_files/bd/emu/ip/emu_hmss_0_0/bd_0/ip/ip_19/src --include ../../../../prj.ip_user_files/bd/emu/ip/emu_hmss_0_0/bd_0/ip/ip_19/sim --include ../../../../prj.ip_user_files/bd/emu/ip/emu_hmss_0_0/bd_0/ip/ip_20/src --include ../../../../prj.ip_user_files/bd/emu/ip/emu_hmss_0_0/bd_0/ip/ip_20/sim --include ../../../../prj.ip_user_files/bd/emu/ip/emu_hmss_0_0/bd_0/ip/ip_21/src --include ../../../../prj.ip_user_files/bd/emu/ip/emu_hmss_0_0/bd_0/ip/ip_21/sim --include ../../../../prj.ip_user_files/bd/emu/ip/emu_hmss_0_0/bd_0/ip/ip_22/src --include ../../../../prj.ip_user_files/bd/emu/ip/emu_hmss_0_0/bd_0/ip/ip_22/sim --include ../../../../prj.ip_user_files/bd/emu/ip/emu_hmss_0_0/bd_0/ip/ip_23/src --include ../../../../prj.ip_user_files/bd/emu/ip/emu_hmss_0_0/bd_0/ip/ip_23/sim --include ../../../../prj.ip_user_files/bd/emu/ip/emu_hmss_0_0/bd_0/ip/ip_24/src --include ../../../../prj.ip_user_files/bd/emu/ip/emu_hmss_0_0/bd_0/ip/ip_24/sim --include ../../../../prj.ip_user_files/bd/emu/ip/emu_hmss_0_0/bd_0/ip/ip_25/src --include ../../../../prj.ip_user_files/bd/emu/ip/emu_hmss_0_0/bd_0/ip/ip_25/sim --include ../../../../prj.ip_user_files/bd/emu/ip/emu_hmss_0_0/bd_0/ip/ip_26/src --include ../../../../prj.ip_user_files/bd/emu/ip/emu_hmss_0_0/bd_0/ip/ip_26/sim --include ../../../../prj.ip_user_files/bd/emu/ip/emu_hmss_0_0/bd_0/ip/ip_27/src --include ../../../../prj.ip_user_files/bd/emu/ip/emu_hmss_0_0/bd_0/ip/ip_27/sim --include ../../../../prj.ip_user_files/bd/emu/ip/emu_hmss_0_0/bd_0/ip/ip_28/src --include ../../../../prj.ip_user_files/bd/emu/ip/emu_hmss_0_0/bd_0/ip/ip_28/sim --include ../../../../prj.ip_user_files/bd/emu/ip/emu_hmss_0_0/bd_0/ip/ip_29/src --include ../../../../prj.ip_user_files/bd/emu/ip/emu_hmss_0_0/bd_0/ip/ip_29/sim --include ../../../../prj.ip_user_files/bd/emu/ip/emu_hmss_0_0/bd_0/ip/ip_30/src --include ../../../../prj.ip_user_files/bd/emu/ip/emu_hmss_0_0/bd_0/ip/ip_30/sim --include ../../../../prj.ip_user_files/bd/emu/ip/emu_hmss_0_0/bd_0/ip/ip_31/src --include ../../../../prj.ip_user_files/bd/emu/ip/emu_hmss_0_0/bd_0/ip/ip_31/sim --include ../../../../prj.ip_user_files/bd/emu/ip/emu_hmss_0_0/bd_0/ip/ip_32/src --include ../../../../prj.ip_user_files/bd/emu/ip/emu_hmss_0_0/bd_0/ip/ip_32/sim --include ../../../../prj.ip_user_files/bd/emu/ip/emu_hmss_0_0/bd_0/ip/ip_33/src --include ../../../../prj.ip_user_files/bd/emu/ip/emu_hmss_0_0/bd_0/ip/ip_33/sim --include ../../../../prj.ip_user_files/bd/emu/ip/emu_hmss_0_0/bd_0/ip/ip_34/src --include ../../../../prj.ip_user_files/bd/emu/ip/emu_hmss_0_0/bd_0/ip/ip_34/sim --include ../../../../prj.ip_user_files/bd/emu/ip/emu_hmss_0_0/bd_0/ip/ip_35/src --include ../../../../prj.ip_user_files/bd/emu/ip/emu_hmss_0_0/bd_0/ip/ip_35/sim --include ../../../../prj.ip_user_files/bd/emu/ip/emu_hmss_0_0/bd_0/ip/ip_36/src --include ../../../../prj.ip_user_files/bd/emu/ip/emu_hmss_0_0/bd_0/ip/ip_36/sim --include ../../../../prj.ip_user_files/bd/emu/ip/emu_hmss_0_0/bd_0/ip/ip_37/src --include ../../../../prj.ip_user_files/bd/emu/ip/emu_hmss_0_0/bd_0/ip/ip_37/sim --include ../../../../prj.ip_user_files/bd/emu/ip/emu_hmss_0_0/bd_0/ip/ip_38/src --include ../../../../prj.ip_user_files/bd/emu/ip/emu_hmss_0_0/bd_0/ip/ip_38/sim --include ../../../../prj.ip_user_files/bd/emu/ip/emu_hmss_0_0/bd_0/ip/ip_39/src --include ../../../../prj.ip_user_files/bd/emu/ip/emu_hmss_0_0/bd_0/ip/ip_39/sim --include ../../../../prj.ip_user_files/bd/emu/ip/emu_hmss_0_0/bd_0/ip/ip_40/src --include ../../../../prj.ip_user_files/bd/emu/ip/emu_hmss_0_0/bd_0/ip/ip_40/sim --include ../../../../prj.ip_user_files/bd/emu/ip/emu_hmss_0_0/bd_0/ip/ip_41/src --include ../../../../prj.ip_user_files/bd/emu/ip/emu_hmss_0_0/bd_0/ip/ip_41/sim --include ../../../../prj.ip_user_files/bd/emu/ip/emu_hmss_0_0/bd_0/ip/ip_42/src --include ../../../../prj.ip_user_files/bd/emu/ip/emu_hmss_0_0/bd_0/ip/ip_42/sim --include ../../../../prj.ip_user_files/bd/emu/ip/emu_hmss_0_0/bd_0/ip/ip_43/src --include ../../../../prj.ip_user_files/bd/emu/ip/emu_hmss_0_0/bd_0/ip/ip_43/sim --include ../../../../prj.ip_user_files/bd/emu/ip/emu_hmss_0_0/bd_0/ip/ip_44/src --include ../../../../prj.ip_user_files/bd/emu/ip/emu_hmss_0_0/bd_0/ip/ip_44/sim --include ../../../../prj.ip_user_files/bd/emu/ip/emu_hmss_0_0/bd_0/ip/ip_45/src --include ../../../../prj.ip_user_files/bd/emu/ip/emu_hmss_0_0/bd_0/ip/ip_45/sim --include ../../../../prj.ip_user_files/bd/emu/ip/emu_hmss_0_0/bd_0/ip/ip_46/src --include ../../../../prj.ip_user_files/bd/emu/ip/emu_hmss_0_0/bd_0/ip/ip_46/sim --include ../../../../prj.ip_user_files/bd/emu/ip/emu_hmss_0_0/bd_0/ip/ip_47/src --include ../../../../prj.ip_user_files/bd/emu/ip/emu_hmss_0_0/bd_0/ip/ip_47/sim --include ../../../../prj.ip_user_files/bd/emu/ip/emu_hmss_0_0/bd_0/ip/ip_48/src --include ../../../../prj.ip_user_files/bd/emu/ip/emu_hmss_0_0/bd_0/ip/ip_48/sim --include ../../../../prj.ip_user_files/bd/emu/ip/emu_hmss_0_0/bd_0/ip/ip_49/src --include ../../../../prj.ip_user_files/bd/emu/ip/emu_hmss_0_0/bd_0/ip/ip_49/sim --include ../../../../prj.ip_user_files/bd/emu/ip/emu_hmss_0_0/bd_0/ip/ip_50/src --include ../../../../prj.ip_user_files/bd/emu/ip/emu_hmss_0_0/bd_0/ip/ip_50/sim --include ../../../../prj.ip_user_files/bd/emu/ip/emu_hmss_0_0/bd_0/ip/ip_51/src --include ../../../../prj.ip_user_files/bd/emu/ip/emu_hmss_0_0/bd_0/ip/ip_51/sim --include ../../../../prj.ip_user_files/bd/emu/ip/emu_hmss_0_0/bd_0/ip/ip_52/src --include ../../../../prj.ip_user_files/bd/emu/ip/emu_hmss_0_0/bd_0/ip/ip_52/sim --include ../../../../prj.ip_user_files/bd/emu/ip/emu_hmss_0_0/bd_0/ip/ip_53/src --include ../../../../prj.ip_user_files/bd/emu/ip/emu_hmss_0_0/bd_0/ip/ip_53/sim --include ../../../../prj.ip_user_files/bd/emu/ip/emu_hmss_0_0/bd_0/ip/ip_54/src --include ../../../../prj.ip_user_files/bd/emu/ip/emu_hmss_0_0/bd_0/ip/ip_54/sim --include ../../../../prj.ip_user_files/bd/emu/ip/emu_hmss_0_0/bd_0/ip/ip_55/src --include ../../../../prj.ip_user_files/bd/emu/ip/emu_hmss_0_0/bd_0/ip/ip_55/sim --include ../../../../prj.ip_user_files/bd/emu/ip/emu_hmss_0_0/bd_0/ip/ip_56/src --include ../../../../prj.ip_user_files/bd/emu/ip/emu_hmss_0_0/bd_0/ip/ip_56/sim --include ../../../../prj.ip_user_files/bd/emu/ip/emu_hmss_0_0/bd_0/ip/ip_57/src --include ../../../../prj.ip_user_files/bd/emu/ip/emu_hmss_0_0/bd_0/ip/ip_57/sim --include ../../../../prj.ip_user_files/bd/emu/ip/emu_hmss_0_0/bd_0/ip/ip_58/src --include ../../../../prj.ip_user_files/bd/emu/ip/emu_hmss_0_0/bd_0/ip/ip_58/sim --include ../../../../prj.ip_user_files/bd/emu/ip/emu_hmss_0_0/bd_0/ip/ip_59/src --include ../../../../prj.ip_user_files/bd/emu/ip/emu_hmss_0_0/bd_0/ip/ip_59/sim --include ../../../../prj.ip_user_files/bd/emu/ip/emu_hmss_0_0/bd_0/ip/ip_60/src --include ../../../../prj.ip_user_files/bd/emu/ip/emu_hmss_0_0/bd_0/ip/ip_60/sim --include ../../../../prj.ip_user_files/bd/emu/ip/emu_hmss_0_0/bd_0/ip/ip_61/src --include ../../../../prj.ip_user_files/bd/emu/ip/emu_hmss_0_0/bd_0/ip/ip_61/sim --include ../../../../prj.ip_user_files/bd/emu/ip/emu_hmss_0_0/bd_0/ip/ip_62/src --include ../../../../prj.ip_user_files/bd/emu/ip/emu_hmss_0_0/bd_0/ip/ip_62/sim --include ../../../../prj.ip_user_files/bd/emu/ip/emu_hmss_0_0/bd_0/ip/ip_63/src --include ../../../../prj.ip_user_files/bd/emu/ip/emu_hmss_0_0/bd_0/ip/ip_63/sim --include ../../../../prj.ip_user_files/bd/emu/ip/emu_hmss_0_0/bd_0/ip/ip_64/src --include ../../../../prj.ip_user_files/bd/emu/ip/emu_hmss_0_0/bd_0/ip/ip_64/sim --include ../../../../prj.ip_user_files/bd/emu/ip/emu_hmss_0_0/bd_0/ip/ip_65/src --include ../../../../prj.ip_user_files/bd/emu/ip/emu_hmss_0_0/bd_0/ip/ip_65/sim --include ../../../../prj.ip_user_files/bd/emu/ip/emu_hmss_0_0/bd_0/ip/ip_66/src --include ../../../../prj.ip_user_files/bd/emu/ip/emu_hmss_0_0/bd_0/ip/ip_66/sim --include ../../../../prj.ip_user_files/bd/emu/ip/emu_hmss_0_0/bd_0/sim --include ../../../../prj.ip_user_files/bd/emu/ip/emu_hmss_0_0/sim --include ../../../../prj.ip_user_files/bd/emu/ip/emu_dpa_hub_0/src --include ../../../../prj.ip_user_files/bd/emu/ip/emu_dpa_hub_0/sim --include ../../../../prj.ip_user_files/bd/emu/ip/emu_dpa_mon0_0/src --include ../../../../prj.ip_user_files/bd/emu/ip/emu_dpa_mon0_0/sim --include ../../../../prj.ip_user_files/bd/emu/sim --include /cvmfs/rcg.sfu.ca/sw/env/neutral/x86_64/TOOLS/XILINX/V2020.2/Vivado/2020.2/tps/boost_1_64_0 -L xil_defaultlib -L sim_clk_gen_v1_0_2 -L axi_lite_ipif_v3_0_4 -L axi_intc_v4_1_15 -L xlconcat_v2_1_4 -L xlconstant_v1_1_7 -L lib_cdc_v1_0_2 -L proc_sys_reset_v5_0_13 -L interrupt_control_v3_1_4 -L axi_gpio_v2_0_24 -L generic_baseblocks_v2_1_0 -L axi_infrastructure_v1_1_0 -L axi_register_slice_v2_1_22 -L fifo_generator_v13_2_5 -L axi_data_fifo_v2_1_21 -L axi_crossbar_v2_1_23 -L xbip_utils_v3_0_10 -L axi_utils_v2_0_6 -L xbip_pipe_v3_0_6 -L xbip_dsp48_wrapper_v3_0_4 -L xbip_dsp48_addsub_v3_0_6 -L xbip_dsp48_multadd_v3_0_6 -L xbip_bram18k_v3_0_6 -L mult_gen_v12_0_16 -L floating_point_v7_1_11 -L axi_protocol_converter_v2_1_22 -L axi_clock_converter_v2_1_21 -L uvm -L unisims_ver -L unimacro_ver -L secureip -L xpm -sv_root . -sc_lib libdpi.so --snapshot emu_wrapper_behav xil_defaultlib.emu_wrapper xil_defaultlib.glbl -log elaborate.log --include /cvmfs/rcg.sfu.ca/sw/env/neutral/x86_64/TOOLS/XILINX/V2020.2/Vivado/2020.2/data/simmodels/xsim/2020.2/lnx64/6.2.0/ext/protobuf/include -ignore_assertions --debug sc 
Using 8 slave threads.
WARNING: [XSIM 43-3431] One or more environment variables have been detected which affect the operation of the C compiler. These are typically not set in standard installations and are not tested by Xilinx, however they may be appropriate for your system, so the flow will attempt to continue.  If errors occur, try running xelab with the "-mt off -v 1" switches to see more information from the C compiler. The following environment variables have been detected:
Starting static elaboration
Pass Through NonSizing Optimizer
WARNING: [VRFC 10-3091] actual bit length 6 differs from formal bit length 9 for port 'm_axi_arprot' [/local-scratch/localhome/aimpert/gaussian-acceleration/gauss/_x.hw_emu.xilinx_u50_gen3x16_xdma_201920_3/link/vivado/vpl/prj/prj.ip_user_files/bd/emu/sim/emu.v:4683]
WARNING: [VRFC 10-3091] actual bit length 6 differs from formal bit length 9 for port 'm_axi_awprot' [/local-scratch/localhome/aimpert/gaussian-acceleration/gauss/_x.hw_emu.xilinx_u50_gen3x16_xdma_201920_3/link/vivado/vpl/prj/prj.ip_user_files/bd/emu/sim/emu.v:4687]
WARNING: [VRFC 10-3091] actual bit length 4 differs from formal bit length 8 for port 'm_axi_arregion' [/local-scratch/localhome/aimpert/gaussian-acceleration/gauss/_x.hw_emu.xilinx_u50_gen3x16_xdma_201920_3/link/vivado/vpl/prj/prj.ip_user_files/bd/emu/sim/emu.v:6115]
WARNING: [VRFC 10-3091] actual bit length 4 differs from formal bit length 8 for port 'm_axi_awregion' [/local-scratch/localhome/aimpert/gaussian-acceleration/gauss/_x.hw_emu.xilinx_u50_gen3x16_xdma_201920_3/link/vivado/vpl/prj/prj.ip_user_files/bd/emu/sim/emu.v:6127]
WARNING: [VRFC 10-3091] actual bit length 1 differs from formal bit length 2 for port 'state' [/local-scratch/localhome/aimpert/gaussian-acceleration/gauss/_x.hw_emu.xilinx_u50_gen3x16_xdma_201920_3/link/vivado/vpl/prj/prj.ip_user_files/bd/emu/ipshared/4292/src/CuISR.v:232]
WARNING: [VRFC 10-3091] actual bit length 1 differs from formal bit length 2 for port 'state' [/local-scratch/localhome/aimpert/gaussian-acceleration/gauss/_x.hw_emu.xilinx_u50_gen3x16_xdma_201920_3/link/vivado/vpl/prj/prj.ip_user_files/bd/emu/ipshared/4292/src/CuISR.v:244]
WARNING: [VRFC 10-3091] actual bit length 1 differs from formal bit length 2 for port 'state' [/local-scratch/localhome/aimpert/gaussian-acceleration/gauss/_x.hw_emu.xilinx_u50_gen3x16_xdma_201920_3/link/vivado/vpl/prj/prj.ip_user_files/bd/emu/ipshared/4292/src/CuISR.v:256]
WARNING: [VRFC 10-3091] actual bit length 1 differs from formal bit length 2 for port 'state' [/local-scratch/localhome/aimpert/gaussian-acceleration/gauss/_x.hw_emu.xilinx_u50_gen3x16_xdma_201920_3/link/vivado/vpl/prj/prj.ip_user_files/bd/emu/ipshared/4292/src/CuISR.v:268]
WARNING: [VRFC 10-5021] port 'gpio_io_o' is not connected on this instance [/local-scratch/localhome/aimpert/gaussian-acceleration/gauss/_x.hw_emu.xilinx_u50_gen3x16_xdma_201920_3/link/vivado/vpl/prj/prj.ip_user_files/bd/emu/sim/emu.v:2256]
WARNING: [VRFC 10-5021] port 'aclk2x' is not connected on this instance [/wrk/ci/prod/2020.2.2/sw/continuous/179/packages/customer/vivado/data/ip/xilinx/axi_protocol_converter_v2_1/hdl/axi_protocol_converter_v2_1_vl_rfs.v:4376]
WARNING: [VRFC 10-5021] port 'aclk2x' is not connected on this instance [/wrk/ci/prod/2020.2.2/sw/continuous/179/packages/customer/vivado/data/ip/xilinx/axi_protocol_converter_v2_1/hdl/axi_protocol_converter_v2_1_vl_rfs.v:4631]
WARNING: [VRFC 10-5021] port 'mb_reset' is not connected on this instance [/local-scratch/localhome/aimpert/gaussian-acceleration/gauss/_x.hw_emu.xilinx_u50_gen3x16_xdma_201920_3/link/vivado/vpl/prj/prj.ip_user_files/bd/emu/sim/emu.v:7585]
WARNING: [VRFC 10-5021] port 'mb_reset' is not connected on this instance [/local-scratch/localhome/aimpert/gaussian-acceleration/gauss/_x.hw_emu.xilinx_u50_gen3x16_xdma_201920_3/link/vivado/vpl/prj/prj.ip_user_files/bd/emu/sim/emu.v:7593]
WARNING: [VRFC 10-5021] port 'mb_reset' is not connected on this instance [/local-scratch/localhome/aimpert/gaussian-acceleration/gauss/_x.hw_emu.xilinx_u50_gen3x16_xdma_201920_3/link/vivado/vpl/prj/prj.ip_user_files/bd/emu/sim/emu.v:7620]
WARNING: [VRFC 10-5021] port 'mb_reset' is not connected on this instance [/local-scratch/localhome/aimpert/gaussian-acceleration/gauss/_x.hw_emu.xilinx_u50_gen3x16_xdma_201920_3/link/vivado/vpl/prj/prj.ip_user_files/bd/emu/sim/emu.v:7626]
WARNING: [VRFC 10-5021] port 'aclk2x' is not connected on this instance [/wrk/ci/prod/2020.2.2/sw/continuous/179/packages/customer/vivado/data/ip/xilinx/axi_crossbar_v2_1/hdl/axi_crossbar_v2_1_vl_rfs.v:3103]
WARNING: [VRFC 10-5021] port 'mb_reset' is not connected on this instance [/local-scratch/localhome/aimpert/gaussian-acceleration/gauss/_x.hw_emu.xilinx_u50_gen3x16_xdma_201920_3/link/vivado/vpl/prj/prj.ip_user_files/bd/emu/sim/emu.v:14518]
Completed static elaboration
Starting simulation data flow analysis
WARNING: [XSIM 43-4099] "/local-scratch/localhome/aimpert/gaussian-acceleration/gauss/_x.hw_emu.xilinx_u50_gen3x16_xdma_201920_3/link/vivado/vpl/prj/prj.ip_user_files/bd/emu/sim/emu_sci_stub.sv" Line 11. Module emu_sci doesn't have a timescale but at least one module in design has a timescale.
WARNING: [XSIM 43-4099] "/local-scratch/localhome/aimpert/gaussian-acceleration/gauss/_x.hw_emu.xilinx_u50_gen3x16_xdma_201920_3/link/vivado/vpl/prj/prj.ip_user_files/bd/emu/sim/emu_sci_stub.sv" Line 11. Module emu_sci doesn't have a timescale but at least one module in design has a timescale.
Completed simulation data flow analysis
Time Resolution for simulation is 1ps
INFO: [XSIM 43-4431] System-C Modules instantiated in Design
Compiling package std.standard
Compiling package std.textio
Compiling package ieee.std_logic_1164
Compiling package ieee.numeric_std
Compiling package ieee.std_logic_arith
Compiling package ieee.std_logic_unsigned
Compiling package synopsys.attributes
Compiling package ieee.std_logic_misc
Compiling package axi_lite_ipif_v3_0_4.ipif_pkg
Compiling package unisim.vcomponents
Compiling package ieee.vital_timing
Compiling package ieee.vital_primitives
Compiling package unisim.vpkg
Compiling package floating_point_v7_1_11.floating_point_v7_1_11_viv_comp
Compiling package xbip_utils_v3_0_10.xbip_utils_v3_0_10_pkg
Compiling package axi_utils_v2_0_6.axi_utils_v2_0_6_pkg
Compiling package floating_point_v7_1_11.floating_point_v7_1_11_consts
Compiling package ieee.math_real
Compiling package floating_point_v7_1_11.floating_point_v7_1_11_exp_table...
Compiling package mult_gen_v12_0_16.mult_gen_v12_0_16_pkg
Compiling package ieee.std_logic_signed
Compiling package floating_point_v7_1_11.floating_point_v7_1_11_pkg
Compiling package floating_point_v7_1_11.flt_utils
Compiling package floating_point_v7_1_11.vt2mutils
Compiling package floating_point_v7_1_11.vt2mcomps
Compiling package xbip_pipe_v3_0_6.xbip_pipe_v3_0_6_viv_comp
Compiling package xil_defaultlib.$unit_emu_dpa_hub_0_stub_sv
Compiling package xil_defaultlib.$unit_bd_9678_xtlm_intercon_host...
Compiling package xil_defaultlib.$unit_emu_xtlm_simple_intercon_0...
Compiling package xil_defaultlib.$unit_emu_sim_embedded_scheduler...
Compiling package xil_defaultlib.$unit_emu_sim_xdma_0_0_stub_sv
Compiling module axi_infrastructure_v1_1_0.axi_infrastructure_v1_1_0_axi2ve...
Compiling module xpm.xpm_cdc_single(DEST_SYNC_FF=3,SR...
Compiling module xpm.xpm_cdc_handshake(DEST_SYNC_FF=3...
Compiling module axi_clock_converter_v2_1_21.axi_clock_converter_v2_1_21_lite...
Compiling module xpm.xpm_cdc_handshake(DEST_SYNC_FF=3...
Compiling module axi_clock_converter_v2_1_21.axi_clock_converter_v2_1_21_lite...
Compiling module xpm.xpm_cdc_handshake(DEST_SYNC_FF=3...
Compiling module axi_clock_converter_v2_1_21.axi_clock_converter_v2_1_21_lite...
Compiling module xpm.xpm_cdc_handshake(DEST_SYNC_FF=3...
Compiling module axi_clock_converter_v2_1_21.axi_clock_converter_v2_1_21_lite...
Compiling module axi_infrastructure_v1_1_0.axi_infrastructure_v1_1_0_vector...
Compiling module axi_clock_converter_v2_1_21.axi_clock_converter_v2_1_21_axi_...
Compiling module xil_defaultlib.emu_auto_cc_0
Compiling module axi_register_slice_v2_1_22.axi_register_slice_v2_1_22_axic_...
Compiling module axi_register_slice_v2_1_22.axi_register_slice_v2_1_22_axic_...
Compiling module axi_register_slice_v2_1_22.axi_register_slice_v2_1_22_axic_...
Compiling module axi_register_slice_v2_1_22.axi_register_slice_v2_1_22_axic_...
Compiling module axi_register_slice_v2_1_22.axi_register_slice_v2_1_22_axi_r...
Compiling module xil_defaultlib.emu_m00_regslice_0
Compiling module xil_defaultlib.m00_couplers_imp_ICFMO4
Compiling module xil_defaultlib.emu_auto_cc_1
Compiling module xil_defaultlib.emu_m01_regslice_7
Compiling module xil_defaultlib.m01_couplers_imp_189JRWH
Compiling module axi_infrastructure_v1_1_0.axi_infrastructure_v1_1_0_axi2ve...
Compiling module axi_infrastructure_v1_1_0.axi_infrastructure_v1_1_0_vector...
Compiling module axi_register_slice_v2_1_22.axi_register_slice_v2_1_22_axic_...
Compiling module axi_register_slice_v2_1_22.axi_register_slice_v2_1_22_axic_...
Compiling module axi_register_slice_v2_1_22.axi_register_slice_v2_1_22_axic_...
Compiling module axi_register_slice_v2_1_22.axi_register_slice_v2_1_22_axic_...
Compiling module axi_register_slice_v2_1_22.axi_register_slice_v2_1_22_axi_r...
Compiling module axi_protocol_converter_v2_1_22.axi_protocol_converter_v2_1_22_b...
Compiling module axi_protocol_converter_v2_1_22.axi_protocol_converter_v2_1_22_b...
Compiling module axi_protocol_converter_v2_1_22.axi_protocol_converter_v2_1_22_b...
Compiling module axi_protocol_converter_v2_1_22.axi_protocol_converter_v2_1_22_b...
Compiling module axi_protocol_converter_v2_1_22.axi_protocol_converter_v2_1_22_b...
Compiling module axi_protocol_converter_v2_1_22.axi_protocol_converter_v2_1_22_b...
Compiling module axi_protocol_converter_v2_1_22.axi_protocol_converter_v2_1_22_b...
Compiling module axi_protocol_converter_v2_1_22.axi_protocol_converter_v2_1_22_b...
Compiling module axi_protocol_converter_v2_1_22.axi_protocol_converter_v2_1_22_b...
Compiling module axi_protocol_converter_v2_1_22.axi_protocol_converter_v2_1_22_b...
Compiling module axi_protocol_converter_v2_1_22.axi_protocol_converter_v2_1_22_b...
Compiling module axi_protocol_converter_v2_1_22.axi_protocol_converter_v2_1_22_b...
Compiling module axi_protocol_converter_v2_1_22.axi_protocol_converter_v2_1_22_b...
Compiling module axi_infrastructure_v1_1_0.axi_infrastructure_v1_1_0_axi2ve...
Compiling module axi_infrastructure_v1_1_0.axi_infrastructure_v1_1_0_vector...
Compiling module axi_register_slice_v2_1_22.axi_register_slice_v2_1_22_axic_...
Compiling module axi_register_slice_v2_1_22.axi_register_slice_v2_1_22_axic_...
Compiling module axi_register_slice_v2_1_22.axi_register_slice_v2_1_22_axic_...
Compiling module axi_register_slice_v2_1_22.axi_register_slice_v2_1_22_axic_...
Compiling module axi_register_slice_v2_1_22.axi_register_slice_v2_1_22_axi_r...
Compiling module axi_protocol_converter_v2_1_22.axi_protocol_converter_v2_1_22_b...
Compiling module axi_protocol_converter_v2_1_22.axi_protocol_converter_v2_1_22_a...
Compiling module xil_defaultlib.emu_auto_pc_5
Compiling module axi_register_slice_v2_1_22.axi_register_slice_v2_1_22_axic_...
Compiling module axi_register_slice_v2_1_22.axi_register_slice_v2_1_22_axic_...
Compiling module axi_register_slice_v2_1_22.axi_register_slice_v2_1_22_axic_...
Compiling module axi_register_slice_v2_1_22.axi_register_slice_v2_1_22_axi_r...
Compiling module xil_defaultlib.emu_s00_regslice_0
Compiling module xil_defaultlib.s00_couplers_imp_1T7YMYM
Compiling module axi_crossbar_v2_1_23.axi_crossbar_v2_1_23_addr_arbite...
Compiling module generic_baseblocks_v2_1_0.generic_baseblocks_v2_1_0_carry_...
Compiling module generic_baseblocks_v2_1_0.generic_baseblocks_v2_1_0_compar...
Compiling module generic_baseblocks_v2_1_0.generic_baseblocks_v2_1_0_compar...
Compiling module axi_crossbar_v2_1_23.axi_crossbar_v2_1_23_addr_decode...
Compiling module axi_crossbar_v2_1_23.axi_crossbar_v2_1_23_splitter(C_...
Compiling module axi_crossbar_v2_1_23.axi_crossbar_v2_1_23_splitter
Compiling module generic_baseblocks_v2_1_0.generic_baseblocks_v2_1_0_mux_en...
Compiling module generic_baseblocks_v2_1_0.generic_baseblocks_v2_1_0_mux_en...
Compiling module generic_baseblocks_v2_1_0.generic_baseblocks_v2_1_0_mux_en...
Compiling module axi_register_slice_v2_1_22.axi_register_slice_v2_1_22_axic_...
Compiling module generic_baseblocks_v2_1_0.generic_baseblocks_v2_1_0_mux_en...
Compiling module axi_crossbar_v2_1_23.axi_crossbar_v2_1_23_decerr_slav...
Compiling module axi_crossbar_v2_1_23.axi_crossbar_v2_1_23_crossbar_sa...
Compiling module axi_crossbar_v2_1_23.axi_crossbar_v2_1_23_axi_crossba...
Compiling module xil_defaultlib.emu_xbar_8
Compiling module xil_defaultlib.emu_dpa_ctrl_interconnect_0
Compiling module xil_defaultlib.emu_dpa_hub_0
Compiling module xil_defaultlib.emu_dpa_mon0_0
Compiling module xil_defaultlib.System_DPA_imp_SEKSXZ
Compiling architecture imp of entity axi_lite_ipif_v3_0_4.pselect_f [\pselect_f(c_ab=2,c_aw=2,c_bar="...]
Compiling architecture imp of entity axi_lite_ipif_v3_0_4.pselect_f [\pselect_f(c_ab=2,c_aw=2,c_bar="...]
Compiling architecture imp of entity axi_lite_ipif_v3_0_4.pselect_f [\pselect_f(c_ab=2,c_aw=2,c_bar="...]
Compiling architecture imp of entity axi_lite_ipif_v3_0_4.pselect_f [\pselect_f(c_ab=2,c_aw=2,c_bar="...]
Compiling architecture imp of entity axi_lite_ipif_v3_0_4.address_decoder [\address_decoder(c_bus_awidth=9,...]
Compiling architecture imp of entity axi_lite_ipif_v3_0_4.slave_attachment [\slave_attachment(c_ard_addr_ran...]
Compiling architecture imp of entity axi_lite_ipif_v3_0_4.axi_lite_ipif [\axi_lite_ipif(c_s_axi_addr_widt...]
Compiling architecture fdre_v of entity unisim.FDRE [fdre_default]
Compiling architecture fdr_v of entity unisim.FDR [fdr_default]
Compiling architecture implementation of entity lib_cdc_v1_0_2.cdc_sync [\cdc_sync(c_single_bit=0,c_mtbf_...]
Compiling architecture imp of entity axi_gpio_v2_0_24.GPIO_Core [\GPIO_Core(c_aw=9,c_family="virt...]
Compiling architecture imp of entity axi_gpio_v2_0_24.axi_gpio [\axi_gpio(c_family="virtexuplusH...]
Compiling architecture emu_axi_gpio_null_slr1_0_arch of entity xil_defaultlib.emu_axi_gpio_null_slr1_0 [emu_axi_gpio_null_slr1_0_default]
Compiling module xil_defaultlib.emu_sci
Compiling architecture fdre_v of entity unisim.FDRE [\FDRE(init='1')\]
Compiling architecture implementation of entity lib_cdc_v1_0_2.cdc_sync [\cdc_sync(c_vector_width=2,c_mtb...]
Compiling architecture srl16e_v of entity unisim.SRL16E [\SRL16E(init="1111111111111111")...]
Compiling architecture srl16_v of entity unisim.SRL16 [\SRL16(init="1111111111111111")(...]
Compiling architecture imp of entity proc_sys_reset_v5_0_13.lpf [\lpf(c_ext_rst_width=4,c_aux_rst...]
Compiling architecture imp of entity proc_sys_reset_v5_0_13.upcnt_n [\upcnt_n(c_size=6)\]
Compiling architecture imp of entity proc_sys_reset_v5_0_13.sequence_psr [sequence_psr_default]
Compiling architecture imp of entity proc_sys_reset_v5_0_13.proc_sys_reset [\proc_sys_reset(c_family="virtex...]
Compiling architecture emu_psreset_gate_pr_kernel_0_arch of entity xil_defaultlib.emu_psreset_gate_pr_kernel_0 [emu_psreset_gate_pr_kernel_0_def...]
Compiling architecture emu_psreset_gate_pr_kernel2_0_arch of entity xil_defaultlib.emu_psreset_gate_pr_kernel2_0 [emu_psreset_gate_pr_kernel2_0_de...]
Compiling module xil_defaultlib.expanded_region_resets_slr0_imp_...
Compiling architecture emu_psreset_gate_pr_kernel_1_arch of entity xil_defaultlib.emu_psreset_gate_pr_kernel_1 [emu_psreset_gate_pr_kernel_1_def...]
Compiling architecture emu_psreset_gate_pr_kernel2_1_arch of entity xil_defaultlib.emu_psreset_gate_pr_kernel2_1 [emu_psreset_gate_pr_kernel2_1_de...]
Compiling module xil_defaultlib.expanded_region_resets_slr1_imp_...
Compiling module xil_defaultlib.gauss_control_s_axi
Compiling module xil_defaultlib.gauss_gmem_m_axi_reg_slice(N=96)
Compiling module xil_defaultlib.gauss_gmem_m_axi_fifo(DATA_BITS=...
Compiling module xil_defaultlib.gauss_gmem_m_axi_buffer(DATA_WID...
Compiling module xil_defaultlib.gauss_gmem_m_axi_fifo(DEPTH=69,D...
Compiling module xil_defaultlib.gauss_gmem_m_axi_fifo(DATA_BITS=...
Compiling module xil_defaultlib.gauss_gmem_m_axi_fifo(DATA_BITS=...
Compiling module xil_defaultlib.gauss_gmem_m_axi_write(NUM_WRITE...
Compiling module xil_defaultlib.gauss_gmem_m_axi_buffer(DATA_WID...
Compiling module xil_defaultlib.gauss_gmem_m_axi_reg_slice(N=514...
Compiling module xil_defaultlib.gauss_gmem_m_axi_read(NUM_READ_O...
Compiling module xil_defaultlib.gauss_gmem_m_axi_reg_slice(N=72)
Compiling module xil_defaultlib.gauss_gmem_m_axi_fifo(DATA_BITS=...
Compiling module xil_defaultlib.gauss_gmem_m_axi_fifo(DATA_BITS=...
Compiling module xil_defaultlib.gauss_gmem_m_axi_throttle(ADDR_W...
Compiling module xil_defaultlib.gauss_gmem_m_axi(CONSERVATIVE=1,...
Compiling module xil_defaultlib.gauss_norm_line_ram
Compiling module xil_defaultlib.gauss_norm_line(DataWidth=32,Add...
Compiling module xil_defaultlib.gauss_sub_gauss_bufferA_0_ram
Compiling module xil_defaultlib.gauss_sub_gauss_bufferA_0(DataWi...
Compiling module xil_defaultlib.gauss_compute_B
Compiling module xil_defaultlib.gauss_mux_164_32_1_1(ID=1,din16_...
Compiling module xil_defaultlib.gauss_compute_A
Compiling module xil_defaultlib.gauss_load_B
Compiling module xil_defaultlib.gauss_load_A
Compiling architecture muxcy_v of entity unisim.MUXCY [muxcy_default]
Compiling architecture xorcy_v of entity unisim.XORCY [xorcy_default]
Compiling architecture synth of entity xbip_pipe_v3_0_6.xbip_pipe_v3_0_6_viv [\xbip_pipe_v3_0_6_viv(c_has_ce=1...]
Compiling architecture rtl of entity floating_point_v7_1_11.delay [\delay(length=0)\]
Compiling architecture synth of entity xbip_pipe_v3_0_6.xbip_pipe_v3_0_6_viv [\xbip_pipe_v3_0_6_viv(c_has_ce=1...]
Compiling architecture rtl of entity floating_point_v7_1_11.delay [\delay(width=31,length=0)\]
Compiling architecture synth of entity xbip_pipe_v3_0_6.xbip_pipe_v3_0_6_viv [\xbip_pipe_v3_0_6_viv(c_latency=...]
Compiling architecture rtl of entity floating_point_v7_1_11.delay [\delay(width=32)\]
Compiling architecture struct of entity floating_point_v7_1_11.carry_chain [\carry_chain(c_xdevicefamily="vi...]
Compiling architecture synth of entity xbip_pipe_v3_0_6.xbip_pipe_v3_0_6_viv [\xbip_pipe_v3_0_6_viv(c_latency=...]
Compiling architecture rtl of entity floating_point_v7_1_11.delay [delay_default]
Compiling architecture synth of entity xbip_pipe_v3_0_6.xbip_pipe_v3_0_6_viv [\xbip_pipe_v3_0_6_viv(c_has_ce=1...]
Compiling architecture rtl of entity floating_point_v7_1_11.delay [\delay(width=4,length=0)\]
Compiling architecture rtl of entity floating_point_v7_1_11.norm_zero_det [\norm_zero_det(data_width=7,norm...]
Compiling architecture synth of entity xbip_pipe_v3_0_6.xbip_pipe_v3_0_6_viv [\xbip_pipe_v3_0_6_viv(c_has_ce=1...]
Compiling architecture rtl of entity floating_point_v7_1_11.delay [\delay(width=32,length=0)\]
Compiling architecture synth of entity xbip_pipe_v3_0_6.xbip_pipe_v3_0_6_viv [\xbip_pipe_v3_0_6_viv(c_has_ce=1...]
Compiling architecture rtl of entity floating_point_v7_1_11.delay [\delay(width=4,length=0,fast_inp...]
Compiling architecture rtl of entity floating_point_v7_1_11.mux4 [\mux4(c_xdevicefamily="virtexupl...]
Compiling architecture synth of entity xbip_pipe_v3_0_6.xbip_pipe_v3_0_6_viv [\xbip_pipe_v3_0_6_viv(c_latency=...]
Compiling architecture rtl of entity floating_point_v7_1_11.delay [\delay(width=2)\]
Compiling architecture synth of entity xbip_pipe_v3_0_6.xbip_pipe_v3_0_6_viv [\xbip_pipe_v3_0_6_viv(c_latency=...]
Compiling architecture rtl of entity floating_point_v7_1_11.delay [\delay(fast_input=true)\]
Compiling architecture rtl of entity floating_point_v7_1_11.mux4 [\mux4(c_xdevicefamily="virtexupl...]
Compiling architecture synth of entity xbip_pipe_v3_0_6.xbip_pipe_v3_0_6_viv [\xbip_pipe_v3_0_6_viv(c_has_ce=1...]
Compiling architecture rtl of entity floating_point_v7_1_11.delay [\delay(width=8,length=0,fast_inp...]
Compiling architecture struct of entity floating_point_v7_1_11.carry_chain [\carry_chain(c_xdevicefamily="vi...]
Compiling architecture rtl of entity floating_point_v7_1_11.lead_zero_encode [\lead_zero_encode(c_xdevicefamil...]
Compiling architecture rtl of entity floating_point_v7_1_11.shift_msb_first [\shift_msb_first(a_width=32,resu...]
Compiling architecture synth of entity xbip_pipe_v3_0_6.xbip_pipe_v3_0_6_viv [\xbip_pipe_v3_0_6_viv(c_has_ce=1...]
Compiling architecture rtl of entity floating_point_v7_1_11.delay [\delay(width=8,length=0)\]
Compiling architecture synth of entity xbip_pipe_v3_0_6.xbip_pipe_v3_0_6_viv [\xbip_pipe_v3_0_6_viv(c_has_ce=1...]
Compiling architecture rtl of entity floating_point_v7_1_11.delay [\delay(width=12,length=0)\]
Compiling architecture struct of entity floating_point_v7_1_11.carry_chain [\carry_chain(c_xdevicefamily="vi...]
Compiling architecture struct of entity floating_point_v7_1_11.carry_chain [\carry_chain(c_xdevicefamily="vi...]
Compiling architecture synth of entity xbip_pipe_v3_0_6.xbip_pipe_v3_0_6_viv [\xbip_pipe_v3_0_6_viv(c_has_ce=1...]
Compiling architecture rtl of entity floating_point_v7_1_11.delay [\delay(width=14,length=0)\]
Compiling architecture synth of entity xbip_pipe_v3_0_6.xbip_pipe_v3_0_6_viv [\xbip_pipe_v3_0_6_viv(c_has_ce=1...]
Compiling architecture rtl of entity floating_point_v7_1_11.delay [\delay(width=25,length=0)\]
Compiling architecture synth of entity xbip_pipe_v3_0_6.xbip_pipe_v3_0_6_viv [\xbip_pipe_v3_0_6_viv(c_has_ce=1...]
Compiling architecture rtl of entity floating_point_v7_1_11.delay [\delay(width=3,length=0)\]
Compiling architecture synth of entity xbip_pipe_v3_0_6.xbip_pipe_v3_0_6_viv [\xbip_pipe_v3_0_6_viv(c_has_ce=1...]
Compiling architecture rtl of entity floating_point_v7_1_11.delay [\delay(width=2,length=0)\]
Compiling architecture synth of entity xbip_pipe_v3_0_6.xbip_pipe_v3_0_6_viv [\xbip_pipe_v3_0_6_viv(c_has_ce=1...]
Compiling architecture rtl of entity floating_point_v7_1_11.delay [\delay(width=2,length=0,fast_inp...]
Compiling architecture struct of entity floating_point_v7_1_11.carry_chain [\carry_chain(c_xdevicefamily="vi...]
Compiling architecture rtl of entity floating_point_v7_1_11.flt_round_bit [\flt_round_bit(c_xdevicefamily="...]
Compiling architecture rtl of entity floating_point_v7_1_11.renorm_and_round_logic [\renorm_and_round_logic(c_xdevic...]
Compiling architecture synth of entity xbip_pipe_v3_0_6.xbip_pipe_v3_0_6_viv [\xbip_pipe_v3_0_6_viv(c_latency=...]
Compiling architecture rtl of entity floating_point_v7_1_11.delay [\delay(length=2)\]
Compiling architecture synth of entity floating_point_v7_1_11.fix_to_flt_conv_exp [\fix_to_flt_conv_exp(c_xdevicefa...]
Compiling architecture synth of entity floating_point_v7_1_11.flt_dec_op [\flt_dec_op(c_xdevicefamily="vir...]
Compiling architecture struct of entity floating_point_v7_1_11.fix_to_flt_conv [\fix_to_flt_conv(c_xdevicefamily...]
Compiling module unisims_ver.x_lut1_mux2
Compiling module unisims_ver.LUT1
Compiling architecture synth of entity xbip_pipe_v3_0_6.xbip_pipe_v3_0_6_viv [\xbip_pipe_v3_0_6_viv(c_latency=...]
Compiling architecture xilinx of entity floating_point_v7_1_11.floating_point_v7_1_11_viv [\floating_point_v7_1_11_viv(c_xd...]
Compiling architecture xilinx of entity floating_point_v7_1_11.floating_point_v7_1_11 [\floating_point_v7_1_11(c_xdevic...]
Compiling module xil_defaultlib.gauss_ap_sitofp_3_no_dsp_32
Compiling module xil_defaultlib.gauss_sitofp_32ns_32_5_no_dsp_1(...
Compiling architecture synth of entity floating_point_v7_1_11.compare_eq_im [\compare_eq_im(c_xdevicefamily="...]
Compiling architecture struct of entity floating_point_v7_1_11.carry_chain [\carry_chain(c_xdevicefamily="vi...]
Compiling architecture synth of entity floating_point_v7_1_11.compare_ne_im [\compare_ne_im(c_xdevicefamily="...]
Compiling architecture struct of entity floating_point_v7_1_11.carry_chain [\carry_chain(c_xdevicefamily="vi...]
Compiling architecture synth of entity floating_point_v7_1_11.compare_eq_im [\compare_eq_im(c_xdevicefamily="...]
Compiling architecture synth of entity xbip_pipe_v3_0_6.xbip_pipe_v3_0_6_viv [\xbip_pipe_v3_0_6_viv(c_has_ce=1...]
Compiling architecture rtl of entity floating_point_v7_1_11.delay [\delay(width=11,length=0)\]
Compiling architecture struct of entity floating_point_v7_1_11.carry_chain [\carry_chain(c_xdevicefamily="vi...]
Compiling architecture synth of entity floating_point_v7_1_11.compare_eq [\compare_eq(c_xdevicefamily="vir...]
Compiling architecture synth of entity xbip_pipe_v3_0_6.xbip_pipe_v3_0_6_viv [\xbip_pipe_v3_0_6_viv(c_has_ce=1...]
Compiling architecture rtl of entity floating_point_v7_1_11.delay [\delay(width=16,length=0)\]
Compiling architecture struct of entity floating_point_v7_1_11.carry_chain [\carry_chain(c_xdevicefamily="vi...]
Compiling architecture synth of entity floating_point_v7_1_11.compare_gt [\compare_gt(c_xdevicefamily="vir...]
Compiling architecture rtl of entity floating_point_v7_1_11.fp_cmp [\fp_cmp(c_xdevicefamily="virtexu...]
Compiling architecture synth of entity xbip_pipe_v3_0_6.xbip_pipe_v3_0_6_viv [\xbip_pipe_v3_0_6_viv(c_has_ce=1...]
Compiling architecture xilinx of entity floating_point_v7_1_11.floating_point_v7_1_11_viv [\floating_point_v7_1_11_viv(c_xd...]
Compiling architecture xilinx of entity floating_point_v7_1_11.floating_point_v7_1_11 [\floating_point_v7_1_11(c_xdevic...]
Compiling module xil_defaultlib.gauss_ap_fcmp_0_no_dsp_32
Compiling module xil_defaultlib.gauss_fcmp_32ns_32ns_1_2_no_dsp_...
Compiling module xil_defaultlib.gauss_store_A
Compiling module xil_defaultlib.gauss_store_B
Compiling module xil_defaultlib.gauss_load_multipliers
Compiling module xil_defaultlib.gauss_load_norm_line
Compiling architecture synth of entity xbip_pipe_v3_0_6.xbip_pipe_v3_0_6_viv [\xbip_pipe_v3_0_6_viv(c_has_ce=1...]
Compiling architecture rtl of entity floating_point_v7_1_11.delay [\delay(width=7,length=0)\]
Compiling architecture struct of entity floating_point_v7_1_11.carry_chain [\carry_chain(c_xdevicefamily="vi...]
Compiling architecture synth of entity floating_point_v7_1_11.compare_eq_im [\compare_eq_im(c_xdevicefamily="...]
Compiling architecture struct of entity floating_point_v7_1_11.carry_chain [\carry_chain(c_xdevicefamily="vi...]
Compiling architecture synth of entity xbip_pipe_v3_0_6.xbip_pipe_v3_0_6_viv [\xbip_pipe_v3_0_6_viv(c_latency=...]
Compiling architecture rtl of entity floating_point_v7_1_11.delay [\delay(width=24,fast_input=true)...]
Compiling architecture dsp48e1_v of entity unisim.DSP48E1 [\DSP48E1(acascreg=0,alumodereg=0...]
Compiling architecture synth of entity xbip_pipe_v3_0_6.xbip_pipe_v3_0_6_viv [\xbip_pipe_v3_0_6_viv(c_has_ce=1...]
Compiling architecture rtl of entity floating_point_v7_1_11.delay [\delay(width=48,length=0)\]
Compiling architecture synth of entity xbip_pipe_v3_0_6.xbip_pipe_v3_0_6_viv [\xbip_pipe_v3_0_6_viv(c_has_ce=1...]
Compiling architecture rtl of entity floating_point_v7_1_11.delay [\delay(width=24,length=0)\]
Compiling architecture rtl of entity floating_point_v7_1_11.dsp48e1_wrapper [\dsp48e1_wrapper(c_part="xcu50-f...]
Compiling architecture synth of entity xbip_pipe_v3_0_6.xbip_pipe_v3_0_6_viv [\xbip_pipe_v3_0_6_viv(c_latency=...]
Compiling architecture rtl of entity floating_point_v7_1_11.delay [\delay(width=13)\]
Compiling architecture synth of entity xbip_pipe_v3_0_6.xbip_pipe_v3_0_6_viv [\xbip_pipe_v3_0_6_viv(c_latency=...]
Compiling architecture rtl of entity floating_point_v7_1_11.delay [\delay(width=27)\]
Compiling architecture synth of entity floating_point_v7_1_11.align_add_dsp48e1_sgl [\align_add_dsp48e1_sgl(c_xdevice...]
Compiling architecture lut5_v of entity unisim.LUT5 [\LUT5(init="00000000000000001111...]
Compiling architecture lut5_v of entity unisim.LUT5 [\LUT5(init="00000000000000000000...]
Compiling architecture synth of entity xbip_pipe_v3_0_6.xbip_pipe_v3_0_6_viv [\xbip_pipe_v3_0_6_viv(c_has_ce=1...]
Compiling architecture rtl of entity floating_point_v7_1_11.delay [\delay(width=27,length=0)\]
Compiling architecture synth of entity xbip_pipe_v3_0_6.xbip_pipe_v3_0_6_viv [\xbip_pipe_v3_0_6_viv(c_has_ce=1...]
Compiling architecture rtl of entity floating_point_v7_1_11.delay [\delay(width=5,length=0)\]
Compiling architecture rtl of entity floating_point_v7_1_11.lead_zero_encode_shift [\lead_zero_encode_shift(ab_fw=24...]
Compiling architecture lut6_v of entity unisim.LUT6 [\LUT6(init="11111110010101001011...]
Compiling architecture lut5_v of entity unisim.LUT5 [\LUT5(init="00010001010111110000...]
Compiling architecture lut5_v of entity unisim.LUT5 [\LUT5(init="11101110101000001111...]
Compiling architecture dsp48e1_v of entity unisim.DSP48E1 [\DSP48E1(adreg=0,alumodereg=0,ca...]
Compiling architecture rtl of entity floating_point_v7_1_11.dsp48e1_wrapper [\dsp48e1_wrapper(a_width=24,c_wi...]
Compiling architecture rtl of entity floating_point_v7_1_11.norm_and_round_dsp48e1_sgl [\norm_and_round_dsp48e1_sgl(c_mu...]
Compiling architecture lut5_v of entity unisim.LUT5 [\LUT5(init="10011001100110011001...]
Compiling architecture lut5_v of entity unisim.LUT5 [\LUT5(init="11111111000000001111...]
Compiling architecture synth of entity xbip_pipe_v3_0_6.xbip_pipe_v3_0_6_viv [\xbip_pipe_v3_0_6_viv(c_has_ce=1...]
Compiling architecture rtl of entity floating_point_v7_1_11.delay [\delay(width=9,length=0)\]
Compiling architecture struct of entity floating_point_v7_1_11.carry_chain [\carry_chain(c_xdevicefamily="vi...]
Compiling architecture synth of entity xbip_pipe_v3_0_6.xbip_pipe_v3_0_6_viv [\xbip_pipe_v3_0_6_viv(c_latency=...]
Compiling architecture rtl of entity floating_point_v7_1_11.delay [\delay(width=9,length=2)\]
Compiling architecture synth of entity xbip_pipe_v3_0_6.xbip_pipe_v3_0_6_viv [\xbip_pipe_v3_0_6_viv(c_latency=...]
Compiling architecture rtl of entity floating_point_v7_1_11.delay [\delay(width=10)\]
Compiling architecture fde_v of entity unisim.FDE [fde_default]
Compiling architecture struct of entity floating_point_v7_1_11.carry_chain [\carry_chain(c_xdevicefamily="vi...]
Compiling architecture synth of entity floating_point_v7_1_11.compare_eq_im [\compare_eq_im(c_xdevicefamily="...]
Compiling architecture rtl of entity floating_point_v7_1_11.special_detect [\special_detect(c_xdevicefamily=...]
Compiling architecture struct of entity floating_point_v7_1_11.carry_chain [\carry_chain(c_xdevicefamily="vi...]
Compiling architecture synth of entity floating_point_v7_1_11.compare_gt [\compare_gt(c_xdevicefamily="vir...]
Compiling architecture synth of entity floating_point_v7_1_11.compare [\compare(c_xdevicefamily="virtex...]
Compiling architecture synth of entity xbip_pipe_v3_0_6.xbip_pipe_v3_0_6_viv [\xbip_pipe_v3_0_6_viv(c_latency=...]
Compiling architecture rtl of entity floating_point_v7_1_11.delay [\delay(width=8)\]
Compiling architecture synth of entity xbip_pipe_v3_0_6.xbip_pipe_v3_0_6_viv [\xbip_pipe_v3_0_6_viv(c_latency=...]
Compiling architecture rtl of entity floating_point_v7_1_11.delay [\delay(width=9)\]
Compiling architecture synth of entity xbip_pipe_v3_0_6.xbip_pipe_v3_0_6_viv [\xbip_pipe_v3_0_6_viv(c_latency=...]
Compiling architecture rtl of entity floating_point_v7_1_11.delay [\delay(width=2,length=3,fast_inp...]
Compiling architecture rtl of entity floating_point_v7_1_11.delay [\delay(length=3,fast_input=true)...]
Compiling architecture rtl of entity floating_point_v7_1_11.delay [\delay(length=0,fast_input=true)...]
Compiling architecture rtl of entity floating_point_v7_1_11.flt_add_exp_sp [\flt_add_exp_sp(c_xdevicefamily=...]
Compiling architecture synth of entity xbip_pipe_v3_0_6.xbip_pipe_v3_0_6_viv [\xbip_pipe_v3_0_6_viv(c_latency=...]
Compiling architecture rtl of entity floating_point_v7_1_11.delay [\delay(width=23)\]
Compiling architecture rtl of entity floating_point_v7_1_11.flt_add_dsp [\flt_add_dsp(c_xdevicefamily="vi...]
Compiling architecture rtl of entity floating_point_v7_1_11.flt_add [\flt_add(c_xdevicefamily="virtex...]
Compiling architecture synth of entity xbip_pipe_v3_0_6.xbip_pipe_v3_0_6_viv [\xbip_pipe_v3_0_6_viv(c_latency=...]
Compiling architecture xilinx of entity floating_point_v7_1_11.floating_point_v7_1_11_viv [\floating_point_v7_1_11_viv(c_xd...]
Compiling architecture xilinx of entity floating_point_v7_1_11.floating_point_v7_1_11 [\floating_point_v7_1_11(c_xdevic...]
Compiling module xil_defaultlib.gauss_ap_faddfsub_5_full_dsp_32
Compiling module xil_defaultlib.gauss_faddfsub_32ns_32ns_32_7_fu...
Compiling architecture rtl of entity floating_point_v7_1_11.flt_add [\flt_add(c_xdevicefamily="virtex...]
Compiling architecture xilinx of entity floating_point_v7_1_11.floating_point_v7_1_11_viv [\floating_point_v7_1_11_viv(c_xd...]
Compiling architecture xilinx of entity floating_point_v7_1_11.floating_point_v7_1_11 [\floating_point_v7_1_11(c_xdevic...]
Compiling module xil_defaultlib.gauss_ap_fsub_5_full_dsp_32
Compiling module xil_defaultlib.gauss_fsub_32ns_32ns_32_7_full_d...
Compiling architecture dsp48e1_v of entity unisim.DSP48E1 [\DSP48E1(acascreg=0,adreg=0,alum...]
Compiling architecture synth of entity xbip_pipe_v3_0_6.xbip_pipe_v3_0_6_viv [\xbip_pipe_v3_0_6_viv(c_has_ce=1...]
Compiling architecture rtl of entity floating_point_v7_1_11.delay [\delay(width=17,length=0)\]
Compiling architecture rtl of entity floating_point_v7_1_11.dsp48e1_wrapper [\dsp48e1_wrapper(a_width=24,b_wi...]
Compiling architecture dsp48e1_v of entity unisim.DSP48E1 [\DSP48E1(acascreg=0,adreg=0,alum...]
Compiling architecture rtl of entity floating_point_v7_1_11.dsp48e1_wrapper [\dsp48e1_wrapper(a_width=24,b_wi...]
Compiling architecture struct of entity floating_point_v7_1_11.fix_mult_dsp48e1_sgl [\fix_mult_dsp48e1_sgl(registers=...]
Compiling architecture rtl of entity floating_point_v7_1_11.fix_mult [\fix_mult(c_xdevicefamily="virte...]
Compiling architecture struct of entity floating_point_v7_1_11.carry_chain [\carry_chain(c_xdevicefamily="vi...]
Compiling architecture synth of entity floating_point_v7_1_11.compare_eq_im [\compare_eq_im(c_xdevicefamily="...]
Compiling architecture rtl of entity floating_point_v7_1_11.special_detect [\special_detect(c_xdevicefamily=...]
Compiling architecture synth of entity xbip_pipe_v3_0_6.xbip_pipe_v3_0_6_viv [\xbip_pipe_v3_0_6_viv(c_latency=...]
Compiling architecture rtl of entity floating_point_v7_1_11.delay [\delay(width=2,fast_input=true)\]
Compiling architecture synth of entity xbip_pipe_v3_0_6.xbip_pipe_v3_0_6_viv [\xbip_pipe_v3_0_6_viv(c_latency=...]
Compiling architecture rtl of entity floating_point_v7_1_11.delay [\delay(width=4,fast_input=true)\]
Compiling architecture synth of entity xbip_pipe_v3_0_6.xbip_pipe_v3_0_6_viv [\xbip_pipe_v3_0_6_viv(c_has_ce=1...]
Compiling architecture rtl of entity floating_point_v7_1_11.delay [\delay(width=3,length=0,fast_inp...]
Compiling architecture rtl of entity floating_point_v7_1_11.flt_mult_exp [\flt_mult_exp(c_xdevicefamily="v...]
Compiling architecture dsp48e1_v of entity unisim.DSP48E1 [\DSP48E1(acascreg=0,adreg=0,alum...]
Compiling architecture synth of entity xbip_pipe_v3_0_6.xbip_pipe_v3_0_6_viv [\xbip_pipe_v3_0_6_viv(c_has_ce=1...]
Compiling architecture rtl of entity floating_point_v7_1_11.delay [\delay(width=30,length=0)\]
Compiling architecture synth of entity xbip_pipe_v3_0_6.xbip_pipe_v3_0_6_viv [\xbip_pipe_v3_0_6_viv(c_has_ce=1...]
Compiling architecture rtl of entity floating_point_v7_1_11.delay [\delay(width=18,length=0)\]
Compiling architecture rtl of entity floating_point_v7_1_11.dsp48e1_wrapper [\dsp48e1_wrapper(a_width=30,b_wi...]
Compiling architecture struct of entity floating_point_v7_1_11.flt_round_dsp_opt_full [\flt_round_dsp_opt_full(c_xdevic...]
Compiling architecture rtl of entity floating_point_v7_1_11.flt_mult_round [\flt_mult_round(c_xdevicefamily=...]
Compiling architecture synth of entity floating_point_v7_1_11.flt_dec_op_lat [\flt_dec_op_lat(c_xdevicefamily=...]
Compiling architecture rtl of entity floating_point_v7_1_11.flt_mult [\flt_mult(c_xdevicefamily="virte...]
Compiling architecture synth of entity xbip_pipe_v3_0_6.xbip_pipe_v3_0_6_viv [\xbip_pipe_v3_0_6_viv(c_latency=...]
Compiling architecture xilinx of entity floating_point_v7_1_11.floating_point_v7_1_11_viv [\floating_point_v7_1_11_viv(c_xd...]
Compiling architecture xilinx of entity floating_point_v7_1_11.floating_point_v7_1_11 [\floating_point_v7_1_11(c_xdevic...]
Compiling module xil_defaultlib.gauss_ap_fmul_2_max_dsp_32
Compiling module xil_defaultlib.gauss_fmul_32ns_32ns_32_4_max_ds...
Compiling module xil_defaultlib.gauss_sub_gauss
Compiling architecture synth of entity xbip_pipe_v3_0_6.xbip_pipe_v3_0_6_viv [\xbip_pipe_v3_0_6_viv(c_has_ce=1...]
Compiling architecture rtl of entity floating_point_v7_1_11.delay [\delay(width=23,length=0)\]
Compiling architecture synth of entity xbip_pipe_v3_0_6.xbip_pipe_v3_0_6_viv [\xbip_pipe_v3_0_6_viv(c_has_ce=1...]
Compiling architecture rtl of entity floating_point_v7_1_11.delay [\delay(width=25,length=0,fast_in...]
Compiling architecture struct of entity floating_point_v7_1_11.carry_chain [\carry_chain(c_xdevicefamily="vi...]
Compiling architecture synth of entity floating_point_v7_1_11.flt_div_mant_addsub [\flt_div_mant_addsub(c_xdevicefa...]
Compiling architecture synth of entity xbip_pipe_v3_0_6.xbip_pipe_v3_0_6_viv [\xbip_pipe_v3_0_6_viv(c_has_ce=1...]
Compiling architecture rtl of entity floating_point_v7_1_11.delay [\delay(width=26,length=0)\]
Compiling architecture synth of entity xbip_pipe_v3_0_6.xbip_pipe_v3_0_6_viv [\xbip_pipe_v3_0_6_viv(c_latency=...]
Compiling architecture rtl of entity floating_point_v7_1_11.delay [\delay(width=25,fast_input=true)...]
Compiling architecture struct of entity floating_point_v7_1_11.carry_chain [\carry_chain(c_xdevicefamily="vi...]
Compiling architecture synth of entity floating_point_v7_1_11.flt_div_mant_addsub [\flt_div_mant_addsub(c_xdevicefa...]
Compiling architecture synth of entity xbip_pipe_v3_0_6.xbip_pipe_v3_0_6_viv [\xbip_pipe_v3_0_6_viv(c_latency=...]
Compiling architecture rtl of entity floating_point_v7_1_11.delay [\delay(width=26)\]
Compiling architecture virtex of entity floating_point_v7_1_11.flt_div_mant [\flt_div_mant(c_xdevicefamily="v...]
Compiling architecture synth of entity xbip_pipe_v3_0_6.xbip_pipe_v3_0_6_viv [\xbip_pipe_v3_0_6_viv(c_has_ce=1...]
Compiling architecture rtl of entity floating_point_v7_1_11.delay [\delay(width=10,length=0,fast_in...]
Compiling architecture rtl of entity floating_point_v7_1_11.special_detect [\special_detect(c_xdevicefamily=...]
Compiling architecture synth of entity xbip_pipe_v3_0_6.xbip_pipe_v3_0_6_viv [\xbip_pipe_v3_0_6_viv(c_latency=...]
Compiling architecture rtl of entity floating_point_v7_1_11.delay [\delay(length=9,fast_input=true)...]
Compiling architecture synth of entity xbip_pipe_v3_0_6.xbip_pipe_v3_0_6_viv [\xbip_pipe_v3_0_6_viv(c_latency=...]
Compiling architecture rtl of entity floating_point_v7_1_11.delay [\delay(width=8,length=9)\]
Compiling architecture synth of entity xbip_pipe_v3_0_6.xbip_pipe_v3_0_6_viv [\xbip_pipe_v3_0_6_viv(c_latency=...]
Compiling architecture rtl of entity floating_point_v7_1_11.delay [\delay(length=8,fast_input=true)...]
Compiling architecture synth of entity xbip_pipe_v3_0_6.xbip_pipe_v3_0_6_viv [\xbip_pipe_v3_0_6_viv(c_latency=...]
Compiling architecture rtl of entity floating_point_v7_1_11.delay [\delay(width=3,length=8,fast_inp...]
Compiling architecture synth of entity xbip_pipe_v3_0_6.xbip_pipe_v3_0_6_viv [\xbip_pipe_v3_0_6_viv(c_latency=...]
Compiling architecture rtl of entity floating_point_v7_1_11.delay [\delay(width=4,length=8,fast_inp...]
Compiling architecture rtl of entity floating_point_v7_1_11.flt_div_exp [\flt_div_exp(c_xdevicefamily="no...]
Compiling architecture synth of entity xbip_pipe_v3_0_6.xbip_pipe_v3_0_6_viv [\xbip_pipe_v3_0_6_viv(c_has_ce=1...]
Compiling architecture rtl of entity floating_point_v7_1_11.delay [\delay(width=12,length=0,fast_in...]
Compiling architecture struct of entity floating_point_v7_1_11.carry_chain [\carry_chain(c_xdevicefamily="vi...]
Compiling architecture struct of entity floating_point_v7_1_11.carry_chain [\carry_chain(c_xdevicefamily="vi...]
Compiling architecture rtl of entity floating_point_v7_1_11.renorm_and_round_logic [\renorm_and_round_logic(c_xdevic...]
Compiling architecture synth of entity floating_point_v7_1_11.flt_dec_op_lat [\flt_dec_op_lat(c_xdevicefamily=...]
Compiling architecture virtex of entity floating_point_v7_1_11.flt_div [\flt_div(c_xdevicefamily="virtex...]
Compiling architecture synth of entity xbip_pipe_v3_0_6.xbip_pipe_v3_0_6_viv [\xbip_pipe_v3_0_6_viv(c_latency=...]
Compiling architecture xilinx of entity floating_point_v7_1_11.floating_point_v7_1_11_viv [\floating_point_v7_1_11_viv(c_xd...]
Compiling architecture xilinx of entity floating_point_v7_1_11.floating_point_v7_1_11 [\floating_point_v7_1_11(c_xdevic...]
Compiling module xil_defaultlib.gauss_ap_fdiv_10_no_dsp_32
Compiling module xil_defaultlib.gauss_fdiv_32ns_32ns_32_12_no_ds...
Compiling module xil_defaultlib.gauss(C_M_AXI_GMEM_USER_VALUE=32...
Compiling module xil_defaultlib.emu_gauss_1_0
Compiling module sim_clk_gen_v1_0_2.sim_clk_gen(CLOCK_PERIOD=2222222...
Compiling module xil_defaultlib.emu_hbm_clk_0
Compiling module xil_defaultlib.emu_hmss_0_0
Compiling module xil_defaultlib.m00_couplers_imp_RRY9FI
Compiling module fifo_generator_v13_2_5.fifo_generator_v13_2_5_sync_stag...
Compiling module fifo_generator_v13_2_5.fifo_generator_v13_2_5_bhv_ver_a...
Compiling module fifo_generator_v13_2_5.fifo_generator_v13_2_5_bhv_ver_p...
Compiling module fifo_generator_v13_2_5.fifo_generator_v13_2_5_CONV_VER(...
Compiling module fifo_generator_v13_2_5.fifo_generator_vlog_beh(C_DATA_C...
Compiling module fifo_generator_v13_2_5.fifo_generator_v13_2_5_bhv_ver_a...
Compiling module fifo_generator_v13_2_5.fifo_generator_v13_2_5_bhv_ver_p...
Compiling module fifo_generator_v13_2_5.fifo_generator_v13_2_5_CONV_VER(...
Compiling module fifo_generator_v13_2_5.fifo_generator_vlog_beh(C_DATA_C...
Compiling module fifo_generator_v13_2_5.fifo_generator_v13_2_5_bhv_ver_a...
Compiling module fifo_generator_v13_2_5.fifo_generator_v13_2_5_bhv_ver_p...
Compiling module fifo_generator_v13_2_5.fifo_generator_v13_2_5_CONV_VER(...
Compiling module fifo_generator_v13_2_5.fifo_generator_vlog_beh(C_DATA_C...
Compiling module fifo_generator_v13_2_5.fifo_generator_vlog_beh(C_DATA_C...
Compiling module fifo_generator_v13_2_5.fifo_generator_vlog_beh(C_DATA_C...
Compiling module axi_clock_converter_v2_1_21.axi_clock_converter_v2_1_21_axi_...
Compiling module xil_defaultlib.emu_auto_cc_2
Compiling module xil_defaultlib.emu_auto_pc_6
Compiling module axi_infrastructure_v1_1_0.axi_infrastructure_v1_1_0_axi2ve...
Compiling module axi_infrastructure_v1_1_0.axi_infrastructure_v1_1_0_vector...
Compiling module axi_register_slice_v2_1_22.axi_register_slice_v2_1_22_axic_...
Compiling module axi_register_slice_v2_1_22.axi_register_slice_v2_1_22_axi_r...
Compiling module xil_defaultlib.emu_m01_regslice_6
Compiling module xil_defaultlib.m01_couplers_imp_1FHFKJF
Compiling module xil_defaultlib.s00_couplers_imp_1KW31TW
Compiling module generic_baseblocks_v2_1_0.generic_baseblocks_v2_1_0_compar...
Compiling module axi_crossbar_v2_1_23.axi_crossbar_v2_1_23_addr_decode...
Compiling module axi_crossbar_v2_1_23.axi_crossbar_v2_1_23_arbiter_res...
Compiling module generic_baseblocks_v2_1_0.generic_baseblocks_v2_1_0_mux_en...
Compiling module axi_data_fifo_v2_1_21.axi_data_fifo_v2_1_21_ndeep_srl(...
Compiling module axi_data_fifo_v2_1_21.axi_data_fifo_v2_1_21_axic_srl_f...
Compiling module axi_crossbar_v2_1_23.axi_crossbar_v2_1_23_si_transact...
Compiling module generic_baseblocks_v2_1_0.generic_baseblocks_v2_1_0_mux_en...
Compiling module axi_crossbar_v2_1_23.axi_crossbar_v2_1_23_si_transact...
Compiling module axi_data_fifo_v2_1_21.axi_data_fifo_v2_1_21_ndeep_srl(...
Compiling module axi_data_fifo_v2_1_21.axi_data_fifo_v2_1_21_axic_reg_s...
Compiling module axi_crossbar_v2_1_23.axi_crossbar_v2_1_23_wdata_route...
Compiling module axi_crossbar_v2_1_23.axi_crossbar_v2_1_23_wdata_mux(C...
Compiling module axi_data_fifo_v2_1_21.axi_data_fifo_v2_1_21_axic_srl_f...
Compiling module axi_infrastructure_v1_1_0.axi_infrastructure_v1_1_0_axi2ve...
Compiling module axi_infrastructure_v1_1_0.axi_infrastructure_v1_1_0_vector...
Compiling module axi_register_slice_v2_1_22.axi_register_slice_v2_1_22_axic_...
Compiling module axi_register_slice_v2_1_22.axi_register_slice_v2_1_22_axic_...
Compiling module axi_register_slice_v2_1_22.axi_register_slice_v2_1_22_axic_...
Compiling module axi_register_slice_v2_1_22.axi_register_slice_v2_1_22_axic_...
Compiling module axi_register_slice_v2_1_22.axi_register_slice_v2_1_22_axi_r...
Compiling module axi_crossbar_v2_1_23.axi_crossbar_v2_1_23_wdata_mux(C...
Compiling module axi_data_fifo_v2_1_21.axi_data_fifo_v2_1_21_ndeep_srl(...
Compiling module axi_data_fifo_v2_1_21.axi_data_fifo_v2_1_21_axic_srl_f...
Compiling module axi_crossbar_v2_1_23.axi_crossbar_v2_1_23_addr_arbite...
Compiling module axi_crossbar_v2_1_23.axi_crossbar_v2_1_23_decerr_slav...
Compiling module axi_crossbar_v2_1_23.axi_crossbar_v2_1_23_crossbar(C_...
Compiling module axi_crossbar_v2_1_23.axi_crossbar_v2_1_23_axi_crossba...
Compiling module xil_defaultlib.emu_xbar_9
Compiling module xil_defaultlib.emu_axi_interconnect_0_0
Compiling module xil_defaultlib.emu_auto_pc_4
Compiling module xil_defaultlib.m00_couplers_imp_1R6TU9P
Compiling module xil_defaultlib.emu_m01_regslice_5
Compiling module xil_defaultlib.m01_couplers_imp_H908VS
Compiling module xil_defaultlib.s00_couplers_imp_KPWTON
Compiling module generic_baseblocks_v2_1_0.generic_baseblocks_v2_1_0_compar...
Compiling module axi_crossbar_v2_1_23.axi_crossbar_v2_1_23_addr_decode...
Compiling module axi_crossbar_v2_1_23.axi_crossbar_v2_1_23_si_transact...
Compiling module axi_crossbar_v2_1_23.axi_crossbar_v2_1_23_si_transact...
Compiling module axi_crossbar_v2_1_23.axi_crossbar_v2_1_23_crossbar(C_...
Compiling module axi_crossbar_v2_1_23.axi_crossbar_v2_1_23_axi_crossba...
Compiling module xil_defaultlib.emu_xbar_5
Compiling module xil_defaultlib.emu_interconnect_axilite_user_sl...
Compiling module xlconcat_v2_1_4.xlconcat_v2_1_4_xlconcat(IN0_WID...
Compiling module xil_defaultlib.emu_xlconcat_interrupt_0
Compiling module xlconcat_v2_1_4.xlconcat_v2_1_4_xlconcat(dout_wi...
Compiling module xil_defaultlib.emu_xlconcat_interrupt_0_0
Compiling module xil_defaultlib.emu_xlconcat_interrupt_1_0
Compiling module xil_defaultlib.emu_xlconcat_interrupt_2_0
Compiling module xil_defaultlib.emu_xlconcat_interrupt_3_0
Compiling module xlconstant_v1_1_7.xlconstant_v1_1_7_xlconstant
Compiling module xil_defaultlib.emu_xlconstant_gnd_0
Compiling module xil_defaultlib.interrupt_concat_imp_14CZY9A
Compiling module sim_clk_gen_v1_0_2.sim_clk_gen(CLOCK_PERIOD=2.0,RES...
Compiling module xil_defaultlib.emu_kernel2_clk_1
Compiling module sim_clk_gen_v1_0_2.sim_clk_gen(CLOCK_PERIOD=3.33333...
Compiling module xil_defaultlib.emu_kernel_clk_1
Compiling module xil_defaultlib.emu_memory_subsystem_0
Compiling module sim_clk_gen_v1_0_2.sim_clk_gen(CLOCK_PERIOD=3.33200...
Compiling module xil_defaultlib.emu_ddr0_ui_clk_0
Compiling module xil_defaultlib.emu_kernel2_clk_0
Compiling module xil_defaultlib.emu_kernel_clk_0
Compiling module xil_defaultlib.clk_reset_wizard_imp_1N4AMRV
Compiling module xil_defaultlib.m00_couplers_imp_THO9J8
Compiling module xil_defaultlib.m01_couplers_imp_1F0NE0X
Compiling module xil_defaultlib.m02_couplers_imp_2SPS0F
Compiling module xil_defaultlib.emu_auto_pc_0
Compiling module xil_defaultlib.s00_couplers_imp_1I78I2M
Compiling module axi_infrastructure_v1_1_0.axi_infrastructure_v1_1_0_axi2ve...
Compiling module axi_infrastructure_v1_1_0.axi_infrastructure_v1_1_0_vector...
Compiling module axi_register_slice_v2_1_22.axi_register_slice_v2_1_22_axic_...
Compiling module axi_register_slice_v2_1_22.axi_register_slice_v2_1_22_axic_...
Compiling module axi_register_slice_v2_1_22.axi_register_slice_v2_1_22_axic_...
Compiling module axi_register_slice_v2_1_22.axi_register_slice_v2_1_22_axi_r...
Compiling module axi_protocol_converter_v2_1_22.axi_protocol_converter_v2_1_22_b...
Compiling module axi_protocol_converter_v2_1_22.axi_protocol_converter_v2_1_22_b...
Compiling module axi_protocol_converter_v2_1_22.axi_protocol_converter_v2_1_22_b...
Compiling module axi_protocol_converter_v2_1_22.axi_protocol_converter_v2_1_22_b...
Compiling module axi_protocol_converter_v2_1_22.axi_protocol_converter_v2_1_22_b...
Compiling module axi_protocol_converter_v2_1_22.axi_protocol_converter_v2_1_22_b...
Compiling module axi_protocol_converter_v2_1_22.axi_protocol_converter_v2_1_22_b...
Compiling module axi_protocol_converter_v2_1_22.axi_protocol_converter_v2_1_22_b...
Compiling module axi_protocol_converter_v2_1_22.axi_protocol_converter_v2_1_22_b...
Compiling module axi_infrastructure_v1_1_0.axi_infrastructure_v1_1_0_axi2ve...
Compiling module axi_infrastructure_v1_1_0.axi_infrastructure_v1_1_0_vector...
Compiling module axi_register_slice_v2_1_22.axi_register_slice_v2_1_22_axic_...
Compiling module axi_register_slice_v2_1_22.axi_register_slice_v2_1_22_axi_r...
Compiling module axi_protocol_converter_v2_1_22.axi_protocol_converter_v2_1_22_b...
Compiling module axi_protocol_converter_v2_1_22.axi_protocol_converter_v2_1_22_a...
Compiling module xil_defaultlib.emu_auto_pc_1
Compiling module xil_defaultlib.s01_couplers_imp_8JQCQJ
Compiling module generic_baseblocks_v2_1_0.generic_baseblocks_v2_1_0_mux_en...
Compiling module axi_crossbar_v2_1_23.axi_crossbar_v2_1_23_addr_arbite...
Compiling module generic_baseblocks_v2_1_0.generic_baseblocks_v2_1_0_compar...
Compiling module generic_baseblocks_v2_1_0.generic_baseblocks_v2_1_0_compar...
Compiling module generic_baseblocks_v2_1_0.generic_baseblocks_v2_1_0_compar...
Compiling module axi_crossbar_v2_1_23.axi_crossbar_v2_1_23_addr_decode...
Compiling module generic_baseblocks_v2_1_0.generic_baseblocks_v2_1_0_mux_en...
Compiling module generic_baseblocks_v2_1_0.generic_baseblocks_v2_1_0_mux_en...
Compiling module generic_baseblocks_v2_1_0.generic_baseblocks_v2_1_0_mux_en...
Compiling module generic_baseblocks_v2_1_0.generic_baseblocks_v2_1_0_mux_en...
Compiling module generic_baseblocks_v2_1_0.generic_baseblocks_v2_1_0_mux_en...
Compiling module axi_crossbar_v2_1_23.axi_crossbar_v2_1_23_crossbar_sa...
Compiling module axi_crossbar_v2_1_23.axi_crossbar_v2_1_23_axi_crossba...
Compiling module xil_defaultlib.emu_xbar_3
Compiling module xil_defaultlib.emu_connect_to_es_0
Compiling module xil_defaultlib.m00_couplers_imp_1J2QOWN
Compiling module xil_defaultlib.m01_couplers_imp_7QT8NM
Compiling module axi_protocol_converter_v2_1_22.axi_protocol_converter_v2_1_22_a...
Compiling module xil_defaultlib.emu_auto_pc_2
Compiling module xil_defaultlib.s00_couplers_imp_UX2T9P
Compiling module xil_defaultlib.s01_couplers_imp_1DNO9BC
Compiling module xil_defaultlib.s02_couplers_imp_47SKBQ
Compiling module xil_defaultlib.emu_auto_pc_3
Compiling module xil_defaultlib.s03_couplers_imp_1MG1X0J
Compiling module axi_crossbar_v2_1_23.axi_crossbar_v2_1_23_addr_decode...
Compiling module axi_data_fifo_v2_1_21.axi_data_fifo_v2_1_21_axic_srl_f...
Compiling module axi_crossbar_v2_1_23.axi_crossbar_v2_1_23_si_transact...
Compiling module axi_crossbar_v2_1_23.axi_crossbar_v2_1_23_si_transact...
Compiling module axi_data_fifo_v2_1_21.axi_data_fifo_v2_1_21_axic_reg_s...
Compiling module axi_crossbar_v2_1_23.axi_crossbar_v2_1_23_wdata_route...
Compiling module axi_crossbar_v2_1_23.axi_crossbar_v2_1_23_si_transact...
Compiling module axi_crossbar_v2_1_23.axi_crossbar_v2_1_23_si_transact...
Compiling module axi_crossbar_v2_1_23.axi_crossbar_v2_1_23_si_transact...
Compiling module axi_crossbar_v2_1_23.axi_crossbar_v2_1_23_si_transact...
Compiling module axi_data_fifo_v2_1_21.axi_data_fifo_v2_1_21_axic_srl_f...
Compiling module axi_crossbar_v2_1_23.axi_crossbar_v2_1_23_si_transact...
Compiling module axi_crossbar_v2_1_23.axi_crossbar_v2_1_23_si_transact...
Compiling module axi_data_fifo_v2_1_21.axi_data_fifo_v2_1_21_axic_reg_s...
Compiling module axi_crossbar_v2_1_23.axi_crossbar_v2_1_23_wdata_route...
Compiling module axi_crossbar_v2_1_23.axi_crossbar_v2_1_23_addr_decode...
Compiling module axi_data_fifo_v2_1_21.axi_data_fifo_v2_1_21_axic_reg_s...
Compiling module generic_baseblocks_v2_1_0.generic_baseblocks_v2_1_0_mux_en...
Compiling module axi_crossbar_v2_1_23.axi_crossbar_v2_1_23_wdata_mux(C...
Compiling module axi_data_fifo_v2_1_21.axi_data_fifo_v2_1_21_axic_reg_s...
Compiling module axi_crossbar_v2_1_23.axi_crossbar_v2_1_23_wdata_mux(C...
Compiling module generic_baseblocks_v2_1_0.generic_baseblocks_v2_1_0_mux_en...
Compiling module axi_crossbar_v2_1_23.axi_crossbar_v2_1_23_addr_arbite...
Compiling module axi_crossbar_v2_1_23.axi_crossbar_v2_1_23_crossbar(C_...
Compiling module axi_crossbar_v2_1_23.axi_crossbar_v2_1_23_axi_crossba...
Compiling module xil_defaultlib.emu_xbar_4
Compiling module xil_defaultlib.emu_connect_to_es_cu_0
Compiling module xil_defaultlib.emu_dma_pcie_clk_0
Compiling module xil_defaultlib.CuDmaController_CQDma_m_axi_thro...
Compiling module xil_defaultlib.CuDmaController_CQDma_m_axi_reg_...
Compiling module xil_defaultlib.CuDmaController_CQDma_m_axi_fifo...
Compiling module xil_defaultlib.CuDmaController_CQDma_m_axi_buff...
Compiling module xil_defaultlib.CuDmaController_CQDma_m_axi_fifo...
Compiling module xil_defaultlib.CuDmaController_CQDma_m_axi_fifo...
Compiling module xil_defaultlib.CuDmaController_CQDma_m_axi_fifo...
Compiling module xil_defaultlib.CuDmaController_CQDma_m_axi_writ...
Compiling module xil_defaultlib.CuDmaController_CQDma_m_axi_buff...
Compiling module xil_defaultlib.CuDmaController_CQDma_m_axi_reg_...
Compiling module xil_defaultlib.CuDmaController_CQDma_m_axi_read...
Compiling module xil_defaultlib.CuDmaController_CQDma_m_axi(NUM_...
Compiling module xil_defaultlib.CuDmaController_CUDma_m_axi_thro...
Compiling module xil_defaultlib.CuDmaController_CUDma_m_axi_reg_...
Compiling module xil_defaultlib.CuDmaController_CUDma_m_axi_fifo...
Compiling module xil_defaultlib.CuDmaController_CUDma_m_axi_buff...
Compiling module xil_defaultlib.CuDmaController_CUDma_m_axi_fifo...
Compiling module xil_defaultlib.CuDmaController_CUDma_m_axi_fifo...
Compiling module xil_defaultlib.CuDmaController_CUDma_m_axi_fifo...
Compiling module xil_defaultlib.CuDmaController_CUDma_m_axi_writ...
Compiling module xil_defaultlib.CuDmaController_CUDma_m_axi_buff...
Compiling module xil_defaultlib.CuDmaController_CUDma_m_axi_reg_...
Compiling module xil_defaultlib.CuDmaController_CUDma_m_axi_read...
Compiling module xil_defaultlib.CuDmaController_CUDma_m_axi(NUM_...
Compiling module xil_defaultlib.CuDmaController_mbkb(ID=1,din4_W...
Compiling module xil_defaultlib.CuDmaController(C_M_AXI_CQDMA_TA...
Compiling module xil_defaultlib.emu_CuDmaController_0_0
Compiling architecture imp of entity axi_intc_v4_1_15.intc_core [\intc_core(c_family="virtexuplus...]
Compiling architecture imp of entity axi_lite_ipif_v3_0_4.pselect_f [\pselect_f(c_ab=3,c_aw=9,c_bar="...]
Compiling architecture imp of entity axi_lite_ipif_v3_0_4.pselect_f [\pselect_f(c_ab=4,c_aw=4,c_bar="...]
Compiling architecture imp of entity axi_lite_ipif_v3_0_4.pselect_f [\pselect_f(c_ab=4,c_aw=4,c_bar="...]
Compiling architecture imp of entity axi_lite_ipif_v3_0_4.pselect_f [\pselect_f(c_ab=4,c_aw=4,c_bar="...]
Compiling architecture imp of entity axi_lite_ipif_v3_0_4.pselect_f [\pselect_f(c_ab=4,c_aw=4,c_bar="...]
Compiling architecture imp of entity axi_lite_ipif_v3_0_4.pselect_f [\pselect_f(c_ab=4,c_aw=4,c_bar="...]
Compiling architecture imp of entity axi_lite_ipif_v3_0_4.pselect_f [\pselect_f(c_ab=4,c_aw=4,c_bar="...]
Compiling architecture imp of entity axi_lite_ipif_v3_0_4.pselect_f [\pselect_f(c_ab=4,c_aw=4,c_bar="...]
Compiling architecture imp of entity axi_lite_ipif_v3_0_4.pselect_f [\pselect_f(c_ab=4,c_aw=4,c_bar="...]
Compiling architecture imp of entity axi_lite_ipif_v3_0_4.pselect_f [\pselect_f(c_ab=4,c_aw=4,c_bar="...]
Compiling architecture imp of entity axi_lite_ipif_v3_0_4.pselect_f [\pselect_f(c_ab=4,c_aw=4,c_bar="...]
Compiling architecture imp of entity axi_lite_ipif_v3_0_4.pselect_f [\pselect_f(c_ab=4,c_aw=4,c_bar="...]
Compiling architecture imp of entity axi_lite_ipif_v3_0_4.pselect_f [\pselect_f(c_ab=4,c_aw=4,c_bar="...]
Compiling architecture imp of entity axi_lite_ipif_v3_0_4.pselect_f [\pselect_f(c_ab=4,c_aw=4,c_bar="...]
Compiling architecture imp of entity axi_lite_ipif_v3_0_4.pselect_f [\pselect_f(c_ab=4,c_aw=4,c_bar="...]
Compiling architecture imp of entity axi_lite_ipif_v3_0_4.pselect_f [\pselect_f(c_ab=4,c_aw=4,c_bar="...]
Compiling architecture imp of entity axi_lite_ipif_v3_0_4.pselect_f [\pselect_f(c_ab=4,c_aw=4,c_bar="...]
Compiling architecture imp of entity axi_lite_ipif_v3_0_4.pselect_f [\pselect_f(c_ab=2,c_aw=9,c_bar="...]
Compiling architecture imp of entity axi_lite_ipif_v3_0_4.pselect_f [\pselect_f(c_ab=1,c_aw=9,c_bar="...]
Compiling architecture imp of entity axi_lite_ipif_v3_0_4.pselect_f [\pselect_f(c_ab=1,c_aw=1,c_bar="...]
Compiling architecture imp of entity axi_lite_ipif_v3_0_4.pselect_f [\pselect_f(c_ab=1,c_aw=1,c_bar="...]
Compiling architecture imp of entity axi_lite_ipif_v3_0_4.address_decoder [\address_decoder(c_bus_awidth=9,...]
Compiling architecture imp of entity axi_lite_ipif_v3_0_4.slave_attachment [\slave_attachment(c_ard_addr_ran...]
Compiling architecture imp of entity axi_lite_ipif_v3_0_4.axi_lite_ipif [\axi_lite_ipif(c_s_axi_addr_widt...]
Compiling architecture imp of entity axi_intc_v4_1_15.axi_intc [\axi_intc(c_family="virtexuplusH...]
Compiling architecture emu_axi_intc_0_0_arch of entity xil_defaultlib.emu_axi_intc_0_0 [emu_axi_intc_0_0_default]
Compiling module xil_defaultlib.cuisr_a_m_axi_throttl_default
Compiling module xil_defaultlib.cuisr_a_m_axi_reg_slice(N=64)
Compiling module xil_defaultlib.cuisr_a_m_axi_fifo(DATA_BITS=64,...
Compiling module xil_defaultlib.cuisr_a_m_axi_buffer(DATA_WIDTH=...
Compiling module xil_defaultlib.cuisr_a_m_axi_fifo(DEPTH=5,DEPTH...
Compiling module xil_defaultlib.cuisr_a_m_axi_fifo(DATA_BITS=2,D...
Compiling module xil_defaultlib.cuisr_a_m_axi_fifo(DATA_BITS=2,D...
Compiling module xil_defaultlib.cuisr_a_m_axi_write(NUM_WRITE_OU...
Compiling module xil_defaultlib.cuisr_a_m_axi_buffer(DATA_WIDTH=...
Compiling module xil_defaultlib.cuisr_a_m_axi_reg_slice(N=34)
Compiling module xil_defaultlib.cuisr_a_m_axi_read(NUM_READ_OUTS...
Compiling module xil_defaultlib.cuisr_a_m_axi(NUM_READ_OUTSTANDI...
Compiling module xil_defaultlib.cuisr(C_M_AXI_A_TARGET_ADDR=32'b...
Compiling module xil_defaultlib.emu_cuisr_0_0
Compiling module xpm.xpm_cdc_array_single(DEST_SYNC_F...
Compiling module xil_defaultlib.irq_handler
Compiling module xil_defaultlib.CuDmaController_rtl
Compiling module xil_defaultlib.isr_irq_handler
Compiling module xil_defaultlib.CuISR
Compiling module xil_defaultlib.embedded_scheduler_hw
Compiling module xil_defaultlib.emu_embedded_scheduler_hw_0_0
Compiling module xil_defaultlib.emu_sim_embedded_scheduler_sw_0_...
Compiling module xlconcat_v2_1_4.xlconcat_v2_1_4_xlconcat_default
Compiling module xil_defaultlib.emu_xlconcat_0_0
Compiling module xlconstant_v1_1_7.xlconstant_v1_1_7_xlconstant(CON...
Compiling module xil_defaultlib.emu_xlconstant_0_0
Compiling module xil_defaultlib.embedded_schedular_imp_1KU1L3J
Compiling architecture emu_psr_dma_pcie_aclk_0_arch of entity xil_defaultlib.emu_psr_dma_pcie_aclk_0 [emu_psr_dma_pcie_aclk_0_default]
Compiling module xil_defaultlib.emu_sim_xdma_0_0
Compiling module xil_defaultlib.static_region_imp_PT295H
Compiling module xil_defaultlib.emu_xtlm_simple_intercon_0_0
Compiling module xil_defaultlib.emu
Compiling module xil_defaultlib.emu_wrapper
Compiling module xil_defaultlib.glbl
Built simulation snapshot emu_wrapper_behav
