

================================================================
== Vitis HLS Report for 'gauss'
================================================================
* Date:           Wed Nov  8 11:16:40 2023

* Version:        2020.2 (Build 3064766 on Wed Nov 18 09:12:45 MST 2020)
* Project:        gauss.prj
* Solution:       solution1 (Vivado IP Flow Target)
* Product family: virtexuplus
* Target device:  xcu50-fsvh2104-2-e


================================================================
== Performance Estimates
================================================================
+ Timing: 
    * Summary: 
    +--------+---------+----------+------------+
    |  Clock |  Target | Estimated| Uncertainty|
    +--------+---------+----------+------------+
    |ap_clk  |  3.35 ns|  2.342 ns|     0.90 ns|
    +--------+---------+----------+------------+

+ Latency: 
    * Summary: 
    +---------+---------+----------+----------+------+-------+---------+
    |  Latency (cycles) |  Latency (absolute) |   Interval   | Pipeline|
    |   min   |   max   |    min   |    max   |  min |  max  |   Type  |
    +---------+---------+----------+----------+------+-------+---------+
    |     1178|    53198|  3.946 us|  0.178 ms|  1179|  53199|     none|
    +---------+---------+----------+----------+------+-------+---------+

    + Detail: 
        * Instance: 
        N/A

        * Loop: 
        +----------------------+---------+---------+-----------+-----------+-----------+--------+----------+
        |                      |  Latency (cycles) | Iteration |  Initiation Interval  |  Trip  |          |
        |       Loop Name      |   min   |   max   |  Latency  |  achieved |   target  |  Count | Pipelined|
        +----------------------+---------+---------+-----------+-----------+-----------+--------+----------+
        |- VITIS_LOOP_13_1     |      840|    49980|  56 ~ 3332|          -|          -|      15|        no|
        | + VITIS_LOOP_15_2    |       54|     3330|   54 ~ 222|          -|          -|  1 ~ 15|        no|
        |  ++ VITIS_LOOP_18_3  |       25|      193|         14|         12|          1|  2 ~ 16|       yes|
        |- VITIS_LOOP_30_4     |      336|     3216|   21 ~ 201|          -|          -|      16|        no|
        | + VITIS_LOOP_33_5    |        3|      183|         14|         12|          1|  0 ~ 15|       yes|
        +----------------------+---------+---------+-----------+-----------+-----------+--------+----------+



================================================================
== Utilization Estimates
================================================================
* Summary: 
+---------------------+---------+------+---------+--------+-----+
|         Name        | BRAM_18K|  DSP |    FF   |   LUT  | URAM|
+---------------------+---------+------+---------+--------+-----+
|DSP                  |        -|     -|        -|       -|    -|
|Expression           |        -|     -|        0|     451|    -|
|FIFO                 |        -|     -|        -|       -|    -|
|Instance             |        -|     5|      461|     276|    -|
|Memory               |        -|     -|        -|       -|    -|
|Multiplexer          |        -|     -|        -|     675|    -|
|Register             |        -|     -|      924|       -|    -|
+---------------------+---------+------+---------+--------+-----+
|Total                |        0|     5|     1385|    1402|    0|
+---------------------+---------+------+---------+--------+-----+
|Available SLR        |     1344|  2976|   871680|  435840|  320|
+---------------------+---------+------+---------+--------+-----+
|Utilization SLR (%)  |        0|    ~0|       ~0|      ~0|    0|
+---------------------+---------+------+---------+--------+-----+
|Available            |     2688|  5952|  1743360|  871680|  640|
+---------------------+---------+------+---------+--------+-----+
|Utilization (%)      |        0|    ~0|       ~0|      ~0|    0|
+---------------------+---------+------+---------+--------+-----+

+ Detail: 
    * Instance: 
    +-----------------------------------+--------------------------------+---------+----+-----+-----+-----+
    |              Instance             |             Module             | BRAM_18K| DSP|  FF | LUT | URAM|
    +-----------------------------------+--------------------------------+---------+----+-----+-----+-----+
    |fdiv_32ns_32ns_32_12_no_dsp_1_U3   |fdiv_32ns_32ns_32_12_no_dsp_1   |        0|   0|    0|    0|    0|
    |fmul_32ns_32ns_32_4_max_dsp_1_U2   |fmul_32ns_32ns_32_4_max_dsp_1   |        0|   3|  143|   78|    0|
    |fsub_32ns_32ns_32_7_full_dsp_1_U1  |fsub_32ns_32ns_32_7_full_dsp_1  |        0|   2|  318|  198|    0|
    +-----------------------------------+--------------------------------+---------+----+-----+-----+-----+
    |Total                              |                                |        0|   5|  461|  276|    0|
    +-----------------------------------+--------------------------------+---------+----+-----+-----+-----+

    * DSP: 
    N/A

    * Memory: 
    N/A

    * FIFO: 
    N/A

    * Expression: 
    +--------------------------+----------+----+---+----+------------+------------+
    |       Variable Name      | Operation| DSP| FF| LUT| Bitwidth P0| Bitwidth P1|
    +--------------------------+----------+----+---+----+------------+------------+
    |add_ln13_fu_387_p2        |         +|   0|  0|  12|           5|           1|
    |add_ln15_1_fu_492_p2      |         +|   0|  0|  12|           5|           1|
    |add_ln15_fu_322_p2        |         +|   0|  0|  12|           4|           1|
    |add_ln18_fu_476_p2        |         +|   0|  0|  71|          64|           1|
    |add_ln20_1_fu_442_p2      |         +|   0|  0|  15|           8|           8|
    |add_ln20_fu_423_p2        |         +|   0|  0|  15|           8|           8|
    |add_ln30_fu_632_p2        |         +|   0|  0|  12|           5|           2|
    |add_ln33_fu_616_p2        |         +|   0|  0|  70|          63|           2|
    |add_ln35_fu_574_p2        |         +|   0|  0|  15|           8|           8|
    |add_ln37_fu_638_p2        |         +|   0|  0|  15|           8|           8|
    |addr_cmp17_fu_587_p2      |      icmp|   0|  0|  29|          64|          64|
    |addr_cmp_fu_436_p2        |      icmp|   0|  0|  29|          64|          64|
    |icmp_ln13_fu_316_p2       |      icmp|   0|  0|   9|           4|           2|
    |icmp_ln15_fu_354_p2       |      icmp|   0|  0|  10|           5|           6|
    |icmp_ln18_fu_413_p2       |      icmp|   0|  0|  29|          64|           5|
    |icmp_ln33_fu_565_p2       |      icmp|   0|  0|  28|          63|          63|
    |reuse_select18_fu_600_p3  |    select|   0|  0|  32|           1|          32|
    |reuse_select_fu_460_p3    |    select|   0|  0|  32|           1|          32|
    |ap_enable_pp0             |       xor|   0|  0|   2|           1|           2|
    |ap_enable_pp1             |       xor|   0|  0|   2|           1|           2|
    +--------------------------+----------+----+---+----+------------+------------+
    |Total                     |          |   0|  0| 451|         446|         312|
    +--------------------------+----------+----+---+----+------------+------------+

    * Multiplexer: 
    +-----------------------------------+-----+-----------+-----+-----------+
    |                Name               | LUT | Input Size| Bits| Total Bits|
    +-----------------------------------+-----+-----------+-----+-----------+
    |A_address0                         |   26|          5|    8|         40|
    |A_address1                         |   20|          4|    8|         32|
    |B_address0                         |   20|          4|    4|         16|
    |X_address0                         |   20|          4|    4|         16|
    |X_d0                               |   20|          4|   32|        128|
    |ap_NS_fsm                          |  325|         72|    1|         72|
    |ap_enable_reg_pp0_iter1            |    9|          2|    1|          2|
    |ap_enable_reg_pp1_iter1            |    9|          2|    1|          2|
    |ap_phi_mux_col_1_phi_fu_260_p4     |    9|          2|   63|        126|
    |ap_phi_mux_col_2_phi_fu_237_p4     |    9|          2|   64|        128|
    |ap_sig_allocacmp_reuse_reg13_load  |    9|          2|   32|         64|
    |ap_sig_allocacmp_reuse_reg_load    |    9|          2|   32|         64|
    |col_1_reg_256                      |    9|          2|   63|        126|
    |col_2_reg_234                      |    9|          2|   64|        128|
    |empty_14_reg_268                   |    9|          2|   32|         64|
    |grp_fu_278_p0                      |   20|          4|   32|        128|
    |grp_fu_283_p0                      |   20|          4|   32|        128|
    |grp_fu_283_p1                      |   14|          3|   32|         96|
    |grp_fu_287_p0                      |   14|          3|   32|         96|
    |grp_fu_287_p1                      |   14|          3|   32|         96|
    |indvars_iv28_reg_199               |    9|          2|    5|         10|
    |norm_reg_211                       |    9|          2|    4|          8|
    |reg_292                            |    9|          2|   32|         64|
    |reuse_addr_reg14_fu_78             |    9|          2|   64|        128|
    |reuse_addr_reg_fu_86               |    9|          2|   64|        128|
    |reuse_reg13_fu_82                  |    9|          2|   32|         64|
    |reuse_reg_fu_90                    |    9|          2|   32|         64|
    |row_1_reg_223                      |    9|          2|    5|         10|
    |row_reg_244                        |    9|          2|    5|         10|
    +-----------------------------------+-----+-----------+-----+-----------+
    |Total                              |  675|        146|  812|       2038|
    +-----------------------------------+-----+-----------+-----+-----------+

    * Register: 
    +---------------------------------+----+----+-----+-----------+
    |               Name              | FF | LUT| Bits| Const Bits|
    +---------------------------------+----+----+-----+-----------+
    |A_addr_5_reg_770                 |   8|   0|    8|          0|
    |A_addr_5_reg_770_pp0_iter1_reg   |   8|   0|    8|          0|
    |A_addr_reg_708                   |   8|   0|    8|          0|
    |A_load_1_reg_731                 |  32|   0|   32|          0|
    |B_addr_2_reg_795                 |   4|   0|    4|          0|
    |B_addr_reg_703                   |   4|   0|    4|          0|
    |X_addr_reg_844                   |   4|   0|    4|          0|
    |add_ln15_1_reg_800               |   5|   0|    5|          0|
    |add_ln15_reg_688                 |   4|   0|    4|          0|
    |add_ln18_reg_790                 |  64|   0|   64|          0|
    |add_ln30_reg_894                 |   5|   0|    5|          0|
    |add_ln33_reg_889                 |  63|   0|   63|          0|
    |addr_cmp17_reg_869               |   1|   0|    1|          0|
    |addr_cmp_reg_765                 |   1|   0|    1|          0|
    |ap_CS_fsm                        |  71|   0|   71|          0|
    |ap_enable_reg_pp0_iter0          |   1|   0|    1|          0|
    |ap_enable_reg_pp0_iter1          |   1|   0|    1|          0|
    |ap_enable_reg_pp1_iter0          |   1|   0|    1|          0|
    |ap_enable_reg_pp1_iter1          |   1|   0|    1|          0|
    |col_1_reg_256                    |  63|   0|   63|          0|
    |col_2_reg_234                    |  64|   0|   64|          0|
    |empty_14_reg_268                 |  32|   0|   32|          0|
    |icmp_ln18_reg_756                |   1|   0|    1|          0|
    |icmp_ln18_reg_756_pp0_iter1_reg  |   1|   0|    1|          0|
    |icmp_ln33_reg_855                |   1|   0|    1|          0|
    |icmp_ln33_reg_855_pp1_iter1_reg  |   1|   0|    1|          0|
    |indvars_iv28_reg_199             |   5|   0|    5|          0|
    |norm_reg_211                     |   4|   0|    4|          0|
    |reg_292                          |  32|   0|   32|          0|
    |reg_297                          |  32|   0|   32|          0|
    |reg_302                          |  32|   0|   32|          0|
    |reg_307                          |  32|   0|   32|          0|
    |reg_312                          |  32|   0|   32|          0|
    |reuse_addr_reg14_fu_78           |  64|   0|   64|          0|
    |reuse_addr_reg_fu_86             |  64|   0|   64|          0|
    |reuse_reg13_fu_82                |  32|   0|   32|          0|
    |reuse_reg_fu_90                  |  32|   0|   32|          0|
    |reuse_select18_reg_874           |  32|   0|   32|          0|
    |reuse_select_reg_775             |  32|   0|   32|          0|
    |row_1_reg_223                    |   5|   0|    5|          0|
    |row_reg_244                      |   5|   0|    5|          0|
    |shl_ln_reg_751                   |   4|   0|    8|          4|
    |tmp_2_reg_698                    |   4|   0|    8|          4|
    |tmp_4_reg_849                    |   4|   0|    8|          4|
    |trunc_ln17_reg_716               |   4|   0|    4|          0|
    |zext_ln13_reg_693                |   4|   0|   64|         60|
    |zext_ln15_reg_746                |   5|   0|   64|         59|
    |zext_ln30_1_reg_834              |   5|   0|    8|          3|
    |zext_ln30_2_reg_829              |   5|   0|   63|         58|
    |zext_ln30_reg_818                |   5|   0|   64|         59|
    +---------------------------------+----+----+-----+-----------+
    |Total                            | 924|   0| 1175|        251|
    +---------------------------------+----+----+-----+-----------+



================================================================
== Interface
================================================================
* Summary: 
+------------+-----+-----+------------+--------------+--------------+
|  RTL Ports | Dir | Bits|  Protocol  | Source Object|    C Type    |
+------------+-----+-----+------------+--------------+--------------+
|ap_clk      |   in|    1|  ap_ctrl_hs|         gauss|  return value|
|ap_rst      |   in|    1|  ap_ctrl_hs|         gauss|  return value|
|ap_start    |   in|    1|  ap_ctrl_hs|         gauss|  return value|
|ap_done     |  out|    1|  ap_ctrl_hs|         gauss|  return value|
|ap_idle     |  out|    1|  ap_ctrl_hs|         gauss|  return value|
|ap_ready    |  out|    1|  ap_ctrl_hs|         gauss|  return value|
|A_address0  |  out|    8|   ap_memory|             A|         array|
|A_ce0       |  out|    1|   ap_memory|             A|         array|
|A_we0       |  out|    1|   ap_memory|             A|         array|
|A_d0        |  out|   32|   ap_memory|             A|         array|
|A_q0        |   in|   32|   ap_memory|             A|         array|
|A_address1  |  out|    8|   ap_memory|             A|         array|
|A_ce1       |  out|    1|   ap_memory|             A|         array|
|A_q1        |   in|   32|   ap_memory|             A|         array|
|B_address0  |  out|    4|   ap_memory|             B|         array|
|B_ce0       |  out|    1|   ap_memory|             B|         array|
|B_we0       |  out|    1|   ap_memory|             B|         array|
|B_d0        |  out|   32|   ap_memory|             B|         array|
|B_q0        |   in|   32|   ap_memory|             B|         array|
|X_address0  |  out|    4|   ap_memory|             X|         array|
|X_ce0       |  out|    1|   ap_memory|             X|         array|
|X_we0       |  out|    1|   ap_memory|             X|         array|
|X_d0        |  out|   32|   ap_memory|             X|         array|
|X_q0        |   in|   32|   ap_memory|             X|         array|
+------------+-----+-----+------------+--------------+--------------+

